2025-04-25 20:02:11,526 - WARNING - 约束设置异常: [Statement.SyntaxError] Invalid input 'F': expected whitespace, comment, UniqueConstraintWithOptionsSyntax, UniqueCompositeConstraintWithOptionsSyntax, NodeKeyConstraintWithOptionsSyntax, NodeProperty
2025-04-25 20:02:11,545 - INFO - 有效城市数量: 118/280
2025-04-25 20:02:18,949 - INFO - 浏览器实例已重启
2025-04-25 20:02:18,949 - INFO - 开始处理城市: 北京
2025-04-25 20:02:21,624 - INFO - 正在处理第 1 页
2025-04-25 20:02:21,634 - INFO - 发现 15 个特色美食
2025-04-25 20:03:24,931 - WARNING - 约束设置异常: [Statement.SyntaxError] Invalid input 'F': expected whitespace, comment, UniqueConstraintWithOptionsSyntax, UniqueCompositeConstraintWithOptionsSyntax, NodeKeyConstraintWithOptionsSyntax, NodeProperty
2025-04-25 20:03:24,940 - INFO - 有效城市数量: 118/280
2025-04-25 20:03:32,162 - INFO - 浏览器实例已重启
2025-04-25 20:03:32,162 - INFO - 开始处理城市: 北京
2025-04-25 20:03:36,430 - INFO - 正在处理第 1 页
2025-04-25 20:03:36,442 - INFO - 发现 15 个特色美食
2025-04-25 20:03:59,459 - INFO - 成功提交 15 个美食
2025-04-25 20:04:02,665 - INFO - 正在处理第 2 页
2025-04-25 20:04:02,691 - INFO - 发现 14 个特色美食
2025-04-25 20:04:28,631 - INFO - 成功提交 14 个美食
2025-04-25 20:04:28,631 - INFO - 开始处理城市: 天津
2025-04-25 20:04:29,845 - INFO - 正在处理第 1 页
2025-04-25 20:04:29,945 - INFO - 发现 9 个特色美食
2025-04-25 20:05:06,744 - INFO - 未找到下一页按钮，可能已到最后一页
2025-04-25 20:05:06,754 - INFO - 成功提交 9 个美食
2025-04-25 20:05:06,754 - INFO - 开始处理城市: 上海
2025-04-25 20:05:08,311 - INFO - 正在处理第 1 页
2025-04-25 20:05:08,334 - INFO - 发现 15 个特色美食
2025-04-25 20:05:33,135 - INFO - 成功提交 15 个美食
2025-04-25 20:05:37,344 - INFO - 正在处理第 2 页
2025-04-25 20:05:37,355 - INFO - 发现 15 个特色美食
2025-04-25 20:05:58,471 - INFO - 成功提交 15 个美食
2025-04-25 20:06:05,983 - INFO - 浏览器实例已重启
2025-04-25 20:06:05,984 - INFO - 开始处理城市: 重庆
2025-04-25 20:06:08,416 - INFO - 正在处理第 1 页
2025-04-25 20:06:08,430 - INFO - 发现 15 个特色美食
2025-04-25 20:06:31,582 - INFO - 成功提交 15 个美食
2025-04-25 20:06:36,499 - INFO - 正在处理第 2 页
2025-04-25 20:06:36,510 - INFO - 发现 10 个特色美食
2025-04-25 20:06:51,287 - INFO - 成功提交 10 个美食
2025-04-25 20:06:51,287 - INFO - 开始处理城市: 香港
2025-04-25 20:06:52,748 - INFO - 正在处理第 1 页
2025-04-25 20:06:52,763 - INFO - 发现 10 个特色美食
2025-04-25 20:07:11,804 - INFO - 未找到下一页按钮，可能已到最后一页
2025-04-25 20:07:11,829 - INFO - 成功提交 10 个美食
2025-04-25 20:07:11,829 - INFO - 开始处理城市: 澳门
2025-04-25 20:07:13,875 - INFO - 正在处理第 1 页
2025-04-25 20:07:13,887 - INFO - 发现 15 个特色美食
2025-04-25 20:07:35,842 - INFO - 成功提交 15 个美食
2025-04-25 20:07:39,873 - INFO - 正在处理第 2 页
2025-04-25 20:07:39,889 - INFO - 发现 11 个特色美食
2025-04-25 20:07:54,114 - INFO - 成功提交 11 个美食
2025-04-25 20:08:01,307 - INFO - 浏览器实例已重启
2025-04-25 20:08:01,307 - INFO - 开始处理城市: 台湾
2025-04-25 20:08:18,983 - INFO - 城市 台湾 无特色美食列表，跳过
2025-04-25 20:08:18,983 - INFO - 开始处理城市: 三亚
2025-04-25 20:08:20,532 - INFO - 正在处理第 1 页
2025-04-25 20:08:20,545 - INFO - 发现 15 个特色美食
2025-04-25 20:09:34,454 - INFO - 成功提交 15 个美食
2025-04-25 20:09:39,568 - INFO - 未找到下一页按钮，可能已到最后一页
2025-04-25 20:09:39,568 - INFO - 开始处理城市: 陵水
2025-04-25 20:09:54,842 - INFO - 城市 陵水 无特色美食列表，跳过
2025-04-25 20:10:02,099 - INFO - 浏览器实例已重启
2025-04-25 20:10:02,099 - INFO - 开始处理城市: 海口
2025-04-25 20:10:17,545 - INFO - 城市 海口 无特色美食列表，跳过
2025-04-25 20:10:17,545 - INFO - 开始处理城市: 儋州
2025-04-25 20:10:32,843 - INFO - 城市 儋州 无特色美食列表，跳过
2025-04-25 20:10:32,843 - INFO - 开始处理城市: 万宁
2025-04-25 20:10:48,213 - INFO - 城市 万宁 无特色美食列表，跳过
2025-04-25 20:10:55,504 - INFO - 浏览器实例已重启
2025-04-25 20:10:55,504 - INFO - 开始处理城市: 保亭
2025-04-25 20:11:10,951 - INFO - 城市 保亭 无特色美食列表，跳过
2025-04-25 20:11:10,951 - INFO - 开始处理城市: 文昌
2025-04-25 20:11:26,229 - INFO - 城市 文昌 无特色美食列表，跳过
2025-04-25 20:11:26,229 - INFO - 开始处理城市: 定安
2025-04-25 20:11:41,519 - INFO - 城市 定安 无特色美食列表，跳过
2025-04-25 20:11:48,777 - INFO - 浏览器实例已重启
2025-04-25 20:11:48,777 - INFO - 开始处理城市: 琼海
2025-04-25 20:12:04,252 - INFO - 城市 琼海 无特色美食列表，跳过
2025-04-25 20:12:04,252 - INFO - 开始处理城市: 五指山
2025-04-25 20:12:19,505 - INFO - 城市 五指山 无特色美食列表，跳过
2025-04-25 20:12:19,505 - INFO - 开始处理城市: 澄迈
2025-04-25 20:12:34,868 - INFO - 城市 澄迈 无特色美食列表，跳过
2025-04-25 20:12:42,180 - INFO - 浏览器实例已重启
2025-04-25 20:12:42,180 - INFO - 开始处理城市: 东方
2025-04-25 20:12:57,591 - INFO - 城市 东方 无特色美食列表，跳过
2025-04-25 20:12:57,591 - INFO - 开始处理城市: 琼中
2025-04-25 20:13:12,922 - INFO - 城市 琼中 无特色美食列表，跳过
2025-04-25 20:13:12,922 - INFO - 开始处理城市: 临高
2025-04-25 20:13:28,231 - INFO - 城市 临高 无特色美食列表，跳过
2025-04-25 20:13:35,477 - INFO - 浏览器实例已重启
2025-04-25 20:13:35,477 - INFO - 开始处理城市: 红河
2025-04-25 20:13:50,935 - INFO - 城市 红河 无特色美食列表，跳过
2025-04-25 20:13:50,935 - INFO - 开始处理城市: 昆明
2025-04-25 20:14:06,232 - INFO - 城市 昆明 无特色美食列表，跳过
2025-04-25 20:14:06,232 - INFO - 开始处理城市: 西双版纳
2025-04-25 20:14:21,487 - INFO - 城市 西双版纳 无特色美食列表，跳过
2025-04-25 20:14:28,765 - INFO - 浏览器实例已重启
2025-04-25 20:14:28,765 - INFO - 开始处理城市: 丽江
2025-04-25 20:14:44,198 - INFO - 城市 丽江 无特色美食列表，跳过
2025-04-25 20:14:44,198 - INFO - 开始处理城市: 大理白族自治州
2025-04-25 20:14:59,480 - INFO - 城市 大理白族自治州 无特色美食列表，跳过
2025-04-25 20:14:59,480 - INFO - 开始处理城市: 保山
2025-04-25 20:15:14,790 - INFO - 城市 保山 无特色美食列表，跳过
2025-04-25 20:15:22,094 - INFO - 浏览器实例已重启
2025-04-25 20:15:22,094 - INFO - 开始处理城市: 普洱
2025-04-25 20:15:37,501 - INFO - 城市 普洱 无特色美食列表，跳过
2025-04-25 20:15:37,501 - INFO - 开始处理城市: 迪庆
2025-04-25 20:15:52,822 - INFO - 城市 迪庆 无特色美食列表，跳过
2025-04-25 20:15:52,822 - INFO - 开始处理城市: 德宏
2025-04-25 20:16:08,098 - INFO - 城市 德宏 无特色美食列表，跳过
2025-04-25 20:16:15,312 - INFO - 浏览器实例已重启
2025-04-25 20:16:15,312 - INFO - 开始处理城市: 曲靖
2025-04-25 20:16:30,724 - INFO - 城市 曲靖 无特色美食列表，跳过
2025-04-25 20:16:30,724 - INFO - 开始处理城市: 楚雄彝族自治州
2025-04-25 20:16:46,023 - INFO - 城市 楚雄彝族自治州 无特色美食列表，跳过
2025-04-25 20:16:46,023 - INFO - 开始处理城市: 文山壮族苗族自治州
2025-04-25 20:17:01,328 - INFO - 城市 文山壮族苗族自治州 无特色美食列表，跳过
2025-04-25 20:17:08,527 - INFO - 浏览器实例已重启
2025-04-25 20:17:08,527 - INFO - 开始处理城市: 昭通
2025-04-25 20:17:23,923 - INFO - 城市 昭通 无特色美食列表，跳过
2025-04-25 20:17:23,923 - INFO - 开始处理城市: 乌鲁木齐
2025-04-25 20:17:39,158 - INFO - 城市 乌鲁木齐 无特色美食列表，跳过
2025-04-25 20:17:39,158 - INFO - 开始处理城市: 吐鲁番
2025-04-25 20:17:54,472 - INFO - 城市 吐鲁番 无特色美食列表，跳过
2025-04-25 20:18:01,688 - INFO - 浏览器实例已重启
2025-04-25 20:18:01,689 - INFO - 开始处理城市: 昌吉回族自治州
2025-04-25 20:18:17,120 - INFO - 城市 昌吉回族自治州 无特色美食列表，跳过
2025-04-25 20:18:17,120 - INFO - 开始处理城市: 博尔塔拉
2025-04-25 20:18:32,454 - INFO - 城市 博尔塔拉 无特色美食列表，跳过
2025-04-25 20:18:32,454 - INFO - 开始处理城市: 喀什地区
2025-04-25 20:18:47,740 - INFO - 城市 喀什地区 无特色美食列表，跳过
2025-04-25 20:18:55,033 - INFO - 浏览器实例已重启
2025-04-25 20:18:55,033 - INFO - 开始处理城市: 克拉玛依
2025-04-25 20:19:10,465 - INFO - 城市 克拉玛依 无特色美食列表，跳过
2025-04-25 20:19:10,465 - INFO - 开始处理城市: 阿勒泰地区
2025-04-25 20:19:25,749 - INFO - 城市 阿勒泰地区 无特色美食列表，跳过
2025-04-25 20:19:25,749 - INFO - 开始处理城市: 阿克苏地区
2025-04-25 20:19:41,065 - INFO - 城市 阿克苏地区 无特色美食列表，跳过
2025-04-25 20:19:48,265 - INFO - 浏览器实例已重启
2025-04-25 20:19:48,265 - INFO - 开始处理城市: 伊犁
2025-04-25 20:20:03,698 - INFO - 城市 伊犁 无特色美食列表，跳过
2025-04-25 20:20:03,698 - INFO - 开始处理城市: 巴音郭楞
2025-04-25 20:20:18,986 - INFO - 城市 巴音郭楞 无特色美食列表，跳过
2025-04-25 20:20:18,986 - INFO - 开始处理城市: 林芝
2025-04-25 20:20:34,281 - INFO - 城市 林芝 无特色美食列表，跳过
2025-04-25 20:20:41,497 - INFO - 浏览器实例已重启
2025-04-25 20:20:41,497 - INFO - 开始处理城市: 拉萨
2025-04-25 20:20:56,894 - INFO - 城市 拉萨 无特色美食列表，跳过
2025-04-25 20:20:56,894 - INFO - 开始处理城市: 昌都
2025-04-25 20:21:12,158 - INFO - 城市 昌都 无特色美食列表，跳过
2025-04-25 20:21:12,158 - INFO - 开始处理城市: 日喀则
2025-04-25 20:21:27,440 - INFO - 城市 日喀则 无特色美食列表，跳过
2025-04-25 20:21:34,644 - INFO - 浏览器实例已重启
2025-04-25 20:21:34,645 - INFO - 开始处理城市: 山南
2025-04-25 20:21:50,045 - INFO - 城市 山南 无特色美食列表，跳过
2025-04-25 20:21:50,045 - INFO - 开始处理城市: 那曲
2025-04-25 20:22:05,314 - INFO - 城市 那曲 无特色美食列表，跳过
2025-04-25 20:22:05,314 - INFO - 开始处理城市: 阿里
2025-04-25 20:22:20,625 - INFO - 城市 阿里 无特色美食列表，跳过
2025-04-25 20:22:27,848 - INFO - 浏览器实例已重启
2025-04-25 20:22:27,848 - INFO - 开始处理城市: 成都
2025-04-25 20:22:43,250 - INFO - 城市 成都 无特色美食列表，跳过
2025-04-25 20:22:43,250 - INFO - 开始处理城市: 阿坝藏族羌族自治州
2025-04-25 20:22:58,534 - INFO - 城市 阿坝藏族羌族自治州 无特色美食列表，跳过
2025-04-25 20:22:58,534 - INFO - 开始处理城市: 乐山
2025-04-25 20:23:13,822 - INFO - 城市 乐山 无特色美食列表，跳过
2025-04-25 20:23:21,049 - INFO - 浏览器实例已重启
2025-04-25 20:23:21,049 - INFO - 开始处理城市: 自贡
2025-04-25 20:23:36,470 - INFO - 城市 自贡 无特色美食列表，跳过
2025-04-25 20:23:36,470 - INFO - 开始处理城市: 雅安
2025-04-25 20:23:51,746 - INFO - 城市 雅安 无特色美食列表，跳过
2025-04-25 20:23:51,746 - INFO - 开始处理城市: 绵阳
2025-04-25 20:24:07,056 - INFO - 城市 绵阳 无特色美食列表，跳过
2025-04-25 20:24:14,330 - INFO - 浏览器实例已重启
2025-04-25 20:24:14,331 - INFO - 开始处理城市: 广安
2025-04-25 20:24:29,747 - INFO - 城市 广安 无特色美食列表，跳过
2025-04-25 20:24:29,747 - INFO - 开始处理城市: 广元
2025-04-25 20:24:45,020 - INFO - 城市 广元 无特色美食列表，跳过
2025-04-25 20:24:45,020 - INFO - 开始处理城市: 眉山
2025-04-25 20:25:00,321 - INFO - 城市 眉山 无特色美食列表，跳过
2025-04-25 20:25:07,533 - INFO - 浏览器实例已重启
2025-04-25 20:25:07,533 - INFO - 开始处理城市: 德阳
2025-04-25 20:25:22,912 - INFO - 城市 德阳 无特色美食列表，跳过
2025-04-25 20:25:22,912 - INFO - 开始处理城市: 宜宾
2025-04-25 20:25:38,247 - INFO - 城市 宜宾 无特色美食列表，跳过
2025-04-25 20:25:38,247 - INFO - 开始处理城市: 济南
2025-04-25 20:25:53,529 - INFO - 城市 济南 无特色美食列表，跳过
2025-04-25 20:26:00,749 - INFO - 浏览器实例已重启
2025-04-25 20:26:00,749 - INFO - 开始处理城市: 青岛
2025-04-25 20:26:16,166 - INFO - 城市 青岛 无特色美食列表，跳过
2025-04-25 20:26:16,166 - INFO - 开始处理城市: 郑州
2025-04-25 20:26:31,429 - INFO - 城市 郑州 无特色美食列表，跳过
2025-04-25 20:26:31,429 - INFO - 开始处理城市: 张家界
2025-04-25 20:26:46,708 - INFO - 城市 张家界 无特色美食列表，跳过
2025-04-25 20:26:53,970 - INFO - 浏览器实例已重启
2025-04-25 20:26:53,970 - INFO - 开始处理城市: 长沙
2025-04-25 20:27:09,342 - INFO - 城市 长沙 无特色美食列表，跳过
2025-04-25 20:27:09,342 - INFO - 开始处理城市: 郴州
2025-04-25 20:27:24,602 - INFO - 城市 郴州 无特色美食列表，跳过
2025-04-25 20:27:24,602 - INFO - 开始处理城市: 岳阳
2025-04-25 20:27:39,882 - INFO - 城市 岳阳 无特色美食列表，跳过
2025-04-25 20:27:47,071 - INFO - 浏览器实例已重启
2025-04-25 20:27:47,071 - INFO - 开始处理城市: 常德
2025-04-25 20:28:02,496 - INFO - 城市 常德 无特色美食列表，跳过
2025-04-25 20:28:02,496 - INFO - 开始处理城市: 衡阳
2025-04-25 20:28:17,742 - INFO - 城市 衡阳 无特色美食列表，跳过
2025-04-25 20:28:17,742 - INFO - 开始处理城市: 株洲
2025-04-25 20:28:32,977 - INFO - 城市 株洲 无特色美食列表，跳过
2025-04-25 20:28:40,248 - INFO - 浏览器实例已重启
2025-04-25 20:28:40,248 - INFO - 开始处理城市: 湘西土家族苗族自治州
2025-04-25 20:28:55,670 - INFO - 城市 湘西土家族苗族自治州 无特色美食列表，跳过
2025-04-25 20:28:55,670 - INFO - 开始处理城市: 湘潭
2025-04-25 20:29:11,056 - INFO - 城市 湘潭 无特色美食列表，跳过
2025-04-25 20:29:11,056 - INFO - 开始处理城市: 益阳
2025-04-25 20:29:26,309 - INFO - 城市 益阳 无特色美食列表，跳过
2025-04-25 20:29:33,498 - INFO - 浏览器实例已重启
2025-04-25 20:29:33,498 - INFO - 开始处理城市: 永州
2025-04-25 20:29:48,922 - INFO - 城市 永州 无特色美食列表，跳过
2025-04-25 20:29:48,922 - INFO - 开始处理城市: 铜仁
2025-04-25 20:30:04,193 - INFO - 城市 铜仁 无特色美食列表，跳过
2025-04-25 20:30:04,193 - INFO - 开始处理城市: 毕节
2025-04-25 20:30:19,449 - INFO - 城市 毕节 无特色美食列表，跳过
2025-04-25 20:30:26,648 - INFO - 浏览器实例已重启
2025-04-25 20:30:26,648 - INFO - 开始处理城市: 黔南
2025-04-25 20:30:42,089 - INFO - 城市 黔南 无特色美食列表，跳过
2025-04-25 20:30:42,089 - INFO - 开始处理城市: 贵阳
2025-04-25 20:30:57,350 - INFO - 城市 贵阳 无特色美食列表，跳过
2025-04-25 20:30:57,350 - INFO - 开始处理城市: 黔东南
2025-04-25 20:31:12,667 - INFO - 城市 黔东南 无特色美食列表，跳过
2025-04-25 20:31:19,853 - INFO - 浏览器实例已重启
2025-04-25 20:31:19,853 - INFO - 开始处理城市: 安顺
2025-04-25 20:31:35,264 - INFO - 城市 安顺 无特色美食列表，跳过
2025-04-25 20:31:35,264 - INFO - 开始处理城市: 遵义
2025-04-25 20:31:50,592 - INFO - 城市 遵义 无特色美食列表，跳过
2025-04-25 20:31:50,592 - INFO - 开始处理城市: 黔西南
2025-04-25 20:32:05,874 - INFO - 城市 黔西南 无特色美食列表，跳过
2025-04-25 20:32:13,083 - INFO - 浏览器实例已重启
2025-04-25 20:32:13,083 - INFO - 开始处理城市: 六盘水
2025-04-25 20:32:28,549 - INFO - 城市 六盘水 无特色美食列表，跳过
2025-04-25 20:32:28,550 - INFO - 开始处理城市: 呼和浩特
2025-04-25 20:32:43,832 - INFO - 城市 呼和浩特 无特色美食列表，跳过
2025-04-25 20:32:43,832 - INFO - 开始处理城市: 鄂尔多斯
2025-04-25 20:32:59,092 - INFO - 城市 鄂尔多斯 无特色美食列表，跳过
2025-04-25 20:33:06,348 - INFO - 浏览器实例已重启
2025-04-25 20:33:06,348 - INFO - 开始处理城市: 包头
2025-04-25 20:33:21,732 - INFO - 城市 包头 无特色美食列表，跳过
2025-04-25 20:33:21,732 - INFO - 开始处理城市: 通辽
2025-04-25 20:33:37,000 - INFO - 城市 通辽 无特色美食列表，跳过
2025-04-25 20:33:37,000 - INFO - 开始处理城市: 合肥
2025-04-25 20:33:52,287 - INFO - 城市 合肥 无特色美食列表，跳过
2025-04-25 20:33:59,484 - INFO - 浏览器实例已重启
2025-04-25 20:33:59,484 - INFO - 开始处理城市: 太原
2025-04-25 20:34:14,857 - INFO - 城市 太原 无特色美食列表，跳过
2025-04-25 20:34:14,857 - INFO - 开始处理城市: 哈尔滨
2025-04-25 20:34:30,267 - INFO - 城市 哈尔滨 无特色美食列表，跳过
2025-04-25 20:34:30,267 - INFO - 开始处理城市: 南昌
2025-04-25 20:34:45,579 - INFO - 城市 南昌 无特色美食列表，跳过
2025-04-25 20:34:52,894 - INFO - 浏览器实例已重启
2025-04-25 20:34:52,894 - INFO - 开始处理城市: 广州
2025-04-25 20:35:08,318 - INFO - 城市 广州 无特色美食列表，跳过
2025-04-25 20:35:08,318 - INFO - 开始处理城市: 深圳
2025-04-25 20:35:23,666 - INFO - 城市 深圳 无特色美食列表，跳过
2025-04-25 20:35:23,666 - INFO - 开始处理城市: 佛山
2025-04-25 20:35:39,014 - INFO - 城市 佛山 无特色美食列表，跳过
2025-04-25 20:35:46,319 - INFO - 浏览器实例已重启
2025-04-25 20:35:46,319 - INFO - 开始处理城市: 东莞
2025-04-25 20:36:01,758 - INFO - 城市 东莞 无特色美食列表，跳过
2025-04-25 20:36:01,758 - INFO - 开始处理城市: 石家庄
2025-04-25 20:36:17,054 - INFO - 城市 石家庄 无特色美食列表，跳过
2025-04-25 20:36:17,054 - INFO - 开始处理城市: 厦门
2025-04-25 20:36:32,324 - INFO - 城市 厦门 无特色美食列表，跳过
2025-04-25 20:36:39,586 - INFO - 浏览器实例已重启
2025-04-25 20:36:39,586 - INFO - 开始处理城市: 福州
2025-04-25 20:36:55,019 - INFO - 城市 福州 无特色美食列表，跳过
2025-04-25 20:36:55,020 - INFO - 开始处理城市: 南宁
2025-04-25 20:37:10,320 - INFO - 城市 南宁 无特色美食列表，跳过
2025-04-25 20:37:10,320 - INFO - 开始处理城市: 桂林
2025-04-25 20:37:25,636 - INFO - 城市 桂林 无特色美食列表，跳过
2025-04-25 20:37:32,825 - INFO - 浏览器实例已重启
2025-04-25 20:37:32,826 - INFO - 开始处理城市: 崇左
2025-04-25 20:37:48,385 - INFO - 城市 崇左 无特色美食列表，跳过
2025-04-25 20:37:48,385 - INFO - 开始处理城市: 北海
2025-04-25 20:38:03,679 - INFO - 城市 北海 无特色美食列表，跳过
2025-04-25 20:38:03,679 - INFO - 开始处理城市: 贺州
2025-04-25 20:38:18,968 - INFO - 城市 贺州 无特色美食列表，跳过
2025-04-25 20:38:26,256 - INFO - 浏览器实例已重启
2025-04-25 20:38:26,257 - INFO - 开始处理城市: 河池
2025-04-25 20:38:41,670 - INFO - 城市 河池 无特色美食列表，跳过
2025-04-25 20:38:41,670 - INFO - 开始处理城市: 百色
2025-04-25 20:38:56,982 - INFO - 城市 百色 无特色美食列表，跳过
2025-04-25 20:38:56,982 - INFO - 开始处理城市: 柳州
2025-04-25 20:39:12,255 - INFO - 城市 柳州 无特色美食列表，跳过
2025-04-25 20:39:19,459 - INFO - 浏览器实例已重启
2025-04-25 20:39:19,459 - INFO - 开始处理城市: 贵港
2025-04-25 20:39:34,967 - INFO - 城市 贵港 无特色美食列表，跳过
2025-04-25 20:39:34,967 - INFO - 开始处理城市: 防城港
2025-04-25 20:39:53,887 - INFO - 城市 防城港 无特色美食列表，跳过
2025-04-25 20:39:53,887 - INFO - 开始处理城市: 玉林
2025-04-25 20:40:10,367 - INFO - 城市 玉林 无特色美食列表，跳过
2025-04-25 20:40:17,709 - INFO - 浏览器实例已重启
2025-04-25 20:40:17,710 - INFO - 开始处理城市: 来宾
2025-04-25 20:40:35,930 - INFO - 城市 来宾 无特色美食列表，跳过
2025-04-25 20:40:35,930 - INFO - 开始处理城市: 兰州
2025-04-25 20:40:37,280 - INFO - 正在处理第 1 页
2025-04-25 20:40:37,558 - INFO - 发现 10 个特色美食
2025-04-25 20:40:57,489 - INFO - 未找到下一页按钮，可能已到最后一页
2025-04-25 20:40:57,507 - INFO - 成功提交 10 个美食
2025-04-25 20:40:57,507 - INFO - 开始处理城市: 武汉
2025-04-25 20:40:58,546 - INFO - 正在处理第 1 页
2025-04-25 20:40:58,788 - INFO - 发现 15 个特色美食
2025-04-25 20:41:21,010 - INFO - 成功提交 15 个美食
2025-04-25 20:41:25,247 - INFO - 正在处理第 2 页
2025-04-25 20:41:25,273 - INFO - 发现 2 个特色美食
2025-04-25 20:41:27,732 - INFO - 成功提交 2 个美食
2025-04-25 20:41:35,437 - INFO - 浏览器实例已重启
2025-04-25 20:41:35,437 - INFO - 开始处理城市: 长春
2025-04-25 20:41:38,028 - INFO - 正在处理第 1 页
2025-04-25 20:41:38,038 - INFO - 发现 12 个特色美食
2025-04-25 20:42:01,277 - INFO - 未找到下一页按钮，可能已到最后一页
2025-04-25 20:42:01,312 - INFO - 成功提交 12 个美食
2025-04-25 20:42:01,312 - INFO - 开始处理城市: 西安
2025-04-25 20:42:03,026 - INFO - 正在处理第 1 页
2025-04-25 20:42:03,056 - INFO - 发现 15 个特色美食
2025-04-25 20:42:25,961 - INFO - 成功提交 15 个美食
2025-04-25 20:42:30,506 - INFO - 正在处理第 2 页
2025-04-25 20:42:30,527 - INFO - 发现 8 个特色美食
2025-04-25 20:42:42,313 - INFO - 成功提交 8 个美食
2025-04-25 20:42:42,313 - INFO - 开始处理城市: 沈阳
2025-04-25 20:42:43,751 - INFO - 正在处理第 1 页
2025-04-25 20:42:43,781 - INFO - 发现 15 个特色美食
2025-04-25 20:43:05,116 - INFO - 成功提交 15 个美食
2025-04-25 20:43:09,618 - INFO - 正在处理第 2 页
2025-04-25 20:43:09,632 - INFO - 发现 5 个特色美食
2025-04-25 20:43:16,686 - INFO - 成功提交 5 个美食
2025-04-25 20:43:24,170 - INFO - 浏览器实例已重启
2025-04-25 20:43:24,170 - INFO - 开始处理城市: 大连
2025-04-25 20:43:26,495 - INFO - 正在处理第 1 页
2025-04-25 20:43:26,508 - INFO - 发现 15 个特色美食
2025-04-25 20:43:48,767 - INFO - 成功提交 15 个美食
2025-04-25 20:43:52,805 - INFO - 正在处理第 2 页
2025-04-25 20:43:52,832 - INFO - 发现 7 个特色美食
2025-04-25 20:44:01,768 - INFO - 成功提交 7 个美食
2025-04-25 20:44:01,768 - INFO - 处理完成！成功：118 失败：0
2025-04-25 20:44:03,904 - INFO - 浏览器已关闭
2025-04-25 21:07:03,218 - WARNING - 约束设置异常: [Statement.SyntaxError] Invalid input 'F': expected whitespace, comment, UniqueConstraintWithOptionsSyntax, UniqueCompositeConstraintWithOptionsSyntax, NodeKeyConstraintWithOptionsSyntax, NodeProperty
2025-04-25 21:07:03,222 - INFO - 有效城市数量: 118/280
2025-04-25 21:07:10,472 - INFO - 浏览器实例已重启
2025-04-25 21:07:10,473 - INFO - 开始处理城市: 北京
2025-04-25 21:07:12,602 - INFO - 正在处理第 1 页
2025-04-25 21:07:12,612 - INFO - 发现 15 个特色美食
2025-04-25 21:07:14,137 - INFO - 跳过已存在美食: 北京_北京烤鸭
2025-04-25 21:07:15,695 - INFO - 跳过已存在美食: 北京_京酱肉丝
2025-04-25 21:07:17,338 - INFO - 跳过已存在美食: 北京_麻豆腐
2025-04-25 21:07:18,806 - INFO - 跳过已存在美食: 北京_羊蝎子
2025-04-25 21:07:20,289 - INFO - 跳过已存在美食: 北京_炸酱面
2025-04-25 21:07:22,350 - INFO - 跳过已存在美食: 北京_卤煮
2025-04-25 21:07:24,281 - INFO - 跳过已存在美食: 北京_爆肚
2025-04-25 21:07:26,142 - INFO - 跳过已存在美食: 北京_驴打滚
2025-04-25 21:07:27,782 - INFO - 跳过已存在美食: 北京_灌肠
2025-04-25 21:07:29,522 - INFO - 跳过已存在美食: 北京_干炸丸子
2025-04-25 21:07:31,036 - INFO - 跳过已存在美食: 北京_炒疙瘩
2025-04-25 21:07:32,675 - INFO - 跳过已存在美食: 北京_糖火烧
2025-04-25 21:07:34,100 - INFO - 跳过已存在美食: 北京_豆汁儿
2025-04-25 21:07:35,301 - INFO - 跳过已存在美食: 北京_乾隆白菜
2025-04-25 21:07:36,977 - INFO - 跳过已存在美食: 北京_炙子烤肉
2025-04-25 21:07:40,424 - INFO - 正在处理第 2 页
2025-04-25 21:07:40,454 - INFO - 发现 14 个特色美食
2025-04-25 21:07:41,748 - INFO - 跳过已存在美食: 北京_涮羊肉
2025-04-25 21:07:43,358 - INFO - 跳过已存在美食: 北京_炒肝儿
2025-04-25 21:07:44,931 - INFO - 跳过已存在美食: 北京_面茶
2025-04-25 21:07:46,698 - INFO - 跳过已存在美食: 北京_艾窝窝
2025-04-25 21:07:48,148 - INFO - 跳过已存在美食: 北京_奶油炸糕
2025-04-25 21:07:49,908 - INFO - 跳过已存在美食: 北京_豌豆黄
2025-04-25 21:07:51,482 - INFO - 跳过已存在美食: 北京_老北京奶酪
2025-04-25 21:07:53,134 - INFO - 跳过已存在美食: 北京_芥末墩
2025-04-25 21:07:54,415 - INFO - 跳过已存在美食: 北京_焦熘丸子
2025-04-25 21:07:55,567 - INFO - 跳过已存在美食: 北京_糖葫芦
2025-04-25 21:07:57,157 - INFO - 跳过已存在美食: 北京_醋溜木须
2025-04-25 21:07:58,612 - INFO - 跳过已存在美食: 北京_麻酱烧饼
2025-04-25 21:07:59,792 - INFO - 跳过已存在美食: 北京_春饼
2025-04-25 21:08:01,376 - INFO - 跳过已存在美食: 北京_葱爆羊肉
2025-04-25 21:08:01,434 - INFO - 开始处理城市: 天津
2025-04-25 21:08:02,904 - INFO - 正在处理第 1 页
2025-04-25 21:08:02,914 - INFO - 发现 9 个特色美食
2025-04-25 21:08:04,532 - INFO - 跳过已存在美食: 天津_八珍豆腐
2025-04-25 21:08:05,758 - INFO - 跳过已存在美食: 天津_罾蹦鲤鱼
2025-04-25 21:08:07,531 - INFO - 跳过已存在美食: 天津_爆三样
2025-04-25 21:08:09,097 - INFO - 跳过已存在美食: 天津_独面筋
2025-04-25 21:08:10,575 - INFO - 跳过已存在美食: 天津_糖醋里脊
2025-04-25 21:08:11,973 - INFO - 跳过已存在美食: 天津_煎饼果子
2025-04-25 21:08:13,797 - INFO - 跳过已存在美食: 天津_天津茶汤
2025-04-25 21:08:15,317 - INFO - 跳过已存在美食: 天津_老豆腐
2025-04-25 21:08:16,849 - INFO - 跳过已存在美食: 天津_卷圈
2025-04-25 21:08:21,956 - INFO - 未找到下一页按钮，可能已到最后一页
2025-04-25 21:08:21,956 - INFO - 开始处理城市: 上海
2025-04-25 21:08:23,296 - INFO - 正在处理第 1 页
2025-04-25 21:08:23,314 - INFO - 发现 15 个特色美食
2025-04-25 21:08:24,847 - INFO - 跳过已存在美食: 上海_本帮红烧肉
2025-04-25 21:08:26,575 - INFO - 跳过已存在美食: 上海_糖醋小排
2025-04-25 21:08:28,146 - INFO - 跳过已存在美食: 上海_上海熏鱼
2025-04-25 21:08:29,734 - INFO - 跳过已存在美食: 上海_八宝辣酱
2025-04-25 21:08:31,249 - INFO - 跳过已存在美食: 上海_椒盐排条
2025-04-25 21:08:32,835 - INFO - 跳过已存在美食: 上海_生煎
2025-04-25 21:08:34,480 - INFO - 跳过已存在美食: 上海_白斩鸡
2025-04-25 21:08:35,985 - INFO - 跳过已存在美食: 上海_上海小笼包
2025-04-25 21:08:37,900 - INFO - 跳过已存在美食: 上海_酱爆猪肝
2025-04-25 21:08:39,589 - INFO - 跳过已存在美食: 上海_草头圈子
2025-04-25 21:08:41,085 - INFO - 跳过已存在美食: 上海_葱油拌面
2025-04-25 21:08:42,581 - INFO - 跳过已存在美食: 上海_青团
2025-04-25 21:08:44,121 - INFO - 跳过已存在美食: 上海_酱鸭
2025-04-25 21:08:45,629 - INFO - 跳过已存在美食: 上海_小馄饨
2025-04-25 21:08:47,107 - INFO - 跳过已存在美食: 上海_大闸蟹
2025-04-25 21:08:51,725 - INFO - 正在处理第 2 页
2025-04-25 21:08:51,745 - INFO - 发现 15 个特色美食
2025-04-25 21:08:53,562 - INFO - 跳过已存在美食: 上海_排骨年糕
2025-04-25 21:08:55,236 - INFO - 跳过已存在美食: 上海_蟹壳黄
2025-04-25 21:08:56,954 - INFO - 跳过已存在美食: 上海_油墩子
2025-04-25 21:08:58,599 - INFO - 跳过已存在美食: 上海_腌笃鲜
2025-04-25 21:09:00,041 - INFO - 跳过已存在美食: 上海_酒酿圆子
2025-04-25 21:09:01,704 - INFO - 跳过已存在美食: 上海_菜肉馄饨
2025-04-25 21:09:03,129 - INFO - 跳过已存在美食: 上海_锅贴
2025-04-25 21:09:04,392 - INFO - 跳过已存在美食: 上海_四喜烤麸
2025-04-25 21:09:06,139 - INFO - 跳过已存在美食: 上海_鲜肉月饼
2025-04-25 21:09:07,769 - INFO - 跳过已存在美食: 上海_葱油饼
2025-04-25 21:09:09,372 - INFO - 跳过已存在美食: 上海_炸猪排
2025-04-25 21:09:10,619 - INFO - 跳过已存在美食: 上海_蝴蝶酥
2025-04-25 21:09:11,807 - INFO - 跳过已存在美食: 上海_响油鳝糊
2025-04-25 21:09:13,129 - INFO - 跳过已存在美食: 上海_油爆虾
2025-04-25 21:09:14,837 - INFO - 跳过已存在美食: 上海_辣肉面
2025-04-25 21:09:22,220 - INFO - 浏览器实例已重启
2025-04-25 21:09:22,220 - INFO - 开始处理城市: 重庆
2025-04-25 21:09:24,538 - INFO - 正在处理第 1 页
2025-04-25 21:09:24,551 - INFO - 发现 15 个特色美食
2025-04-25 21:09:26,016 - INFO - 跳过已存在美食: 重庆_重庆火锅
2025-04-25 21:09:27,347 - INFO - 跳过已存在美食: 重庆_辣子鸡
2025-04-25 21:09:29,302 - INFO - 跳过已存在美食: 重庆_毛血旺
2025-04-25 21:09:30,530 - INFO - 跳过已存在美食: 重庆_耗儿鱼
2025-04-25 21:09:32,436 - INFO - 跳过已存在美食: 重庆_鸡杂
2025-04-25 21:09:34,330 - INFO - 跳过已存在美食: 重庆_小面
2025-04-25 21:09:35,653 - INFO - 跳过已存在美食: 重庆_抄手
2025-04-25 21:09:37,560 - INFO - 跳过已存在美食: 重庆_豆花
2025-04-25 21:09:39,050 - INFO - 跳过已存在美食: 重庆_红糖糍粑
2025-04-25 21:09:40,545 - INFO - 跳过已存在美食: 重庆_冰粉
2025-04-25 21:09:42,081 - INFO - 跳过已存在美食: 重庆_串串香
2025-04-25 21:09:43,474 - INFO - 跳过已存在美食: 重庆_重庆酸辣粉
2025-04-25 21:09:45,169 - INFO - 跳过已存在美食: 重庆_辣子肥肠
2025-04-25 21:09:46,568 - INFO - 跳过已存在美食: 重庆_豌豆炸酱面
2025-04-25 21:09:48,221 - INFO - 跳过已存在美食: 重庆_烤鱼
2025-04-25 21:09:51,143 - INFO - 正在处理第 2 页
2025-04-25 21:09:51,173 - INFO - 发现 10 个特色美食
2025-04-25 21:09:52,458 - INFO - 跳过已存在美食: 重庆_水煮鱼
2025-04-25 21:09:53,705 - INFO - 跳过已存在美食: 重庆_山城小汤圆
2025-04-25 21:09:54,982 - INFO - 跳过已存在美食: 重庆_芋儿鸡
2025-04-25 21:09:56,349 - INFO - 跳过已存在美食: 重庆_泉水鸡
2025-04-25 21:09:57,723 - INFO - 跳过已存在美食: 重庆_蒜泥白肉
2025-04-25 21:09:59,031 - INFO - 跳过已存在美食: 重庆_回锅肉
2025-04-25 21:10:00,371 - INFO - 跳过已存在美食: 重庆_麻婆豆腐
2025-04-25 21:10:01,720 - INFO - 跳过已存在美食: 重庆_水煮肉片
2025-04-25 21:10:03,210 - INFO - 跳过已存在美食: 重庆_麻花
2025-04-25 21:10:04,399 - INFO - 跳过已存在美食: 重庆_凉糕
2025-04-25 21:10:04,594 - INFO - 开始处理城市: 香港
2025-04-25 21:10:06,041 - INFO - 正在处理第 1 页
2025-04-25 21:10:06,071 - INFO - 发现 10 个特色美食
2025-04-25 21:10:07,418 - INFO - 跳过已存在美食: 香港_烧鹅
2025-04-25 21:10:09,112 - INFO - 跳过已存在美食: 香港_烧味
2025-04-25 21:10:10,680 - INFO - 跳过已存在美食: 香港_港式牛腩
2025-04-25 21:10:11,926 - INFO - 跳过已存在美食: 香港_鸡煲
2025-04-25 21:10:13,551 - INFO - 跳过已存在美食: 香港_虾饺
2025-04-25 21:10:15,077 - INFO - 跳过已存在美食: 香港_牛杂
2025-04-25 21:10:16,512 - INFO - 跳过已存在美食: 香港_肠粉
2025-04-25 21:10:17,731 - INFO - 跳过已存在美食: 香港_鱼蛋
2025-04-25 21:10:19,446 - INFO - 跳过已存在美食: 香港_煲仔饭
2025-04-25 21:10:20,736 - INFO - 跳过已存在美食: 香港_鸡蛋仔
2025-04-25 21:10:25,853 - INFO - 未找到下一页按钮，可能已到最后一页
2025-04-25 21:10:25,853 - INFO - 开始处理城市: 澳门
2025-04-25 21:10:26,881 - INFO - 正在处理第 1 页
2025-04-25 21:10:26,894 - INFO - 发现 15 个特色美食
2025-04-25 21:10:28,453 - INFO - 跳过已存在美食: 澳门_葡国鸡
2025-04-25 21:10:29,893 - INFO - 跳过已存在美食: 澳门_水蟹粥
2025-04-25 21:10:31,606 - INFO - 跳过已存在美食: 澳门_马介休球
2025-04-25 21:10:32,927 - INFO - 跳过已存在美食: 澳门_非洲鸡
2025-04-25 21:10:34,111 - INFO - 跳过已存在美食: 澳门_葡式海鲜饭
2025-04-25 21:10:36,018 - INFO - 跳过已存在美食: 澳门_猪扒包
2025-04-25 21:10:37,597 - INFO - 跳过已存在美食: 澳门_葡式蛋挞
2025-04-25 21:10:38,690 - INFO - 跳过已存在美食: 澳门_虾子捞面
2025-04-25 21:10:39,794 - INFO - 跳过已存在美食: 澳门_双皮奶
2025-04-25 21:10:41,200 - INFO - 跳过已存在美食: 澳门_h饭
2025-04-25 21:10:42,853 - INFO - 跳过已存在美食: 澳门_木糠布丁
2025-04-25 21:10:43,834 - INFO - 跳过已存在美食: 澳门_大菜糕
2025-04-25 21:10:45,734 - INFO - 跳过已存在美食: 澳门_咖喱牛杂
2025-04-25 21:10:47,434 - INFO - 跳过已存在美食: 澳门_竹升面
2025-04-25 21:10:48,520 - INFO - 跳过已存在美食: 澳门_燕窝
2025-04-25 21:10:52,553 - INFO - 正在处理第 2 页
2025-04-25 21:10:52,580 - INFO - 发现 11 个特色美食
2025-04-25 21:10:53,914 - INFO - 跳过已存在美食: 澳门_手制雪糕
2025-04-25 21:10:55,664 - INFO - 跳过已存在美食: 澳门_鲮鱼球
2025-04-25 21:10:56,652 - INFO - 跳过已存在美食: 澳门_瓦煲咖啡
2025-04-25 21:10:58,354 - INFO - 跳过已存在美食: 澳门_鲜虾云吞
2025-04-25 21:10:59,988 - INFO - 跳过已存在美食: 澳门_碗仔翅
2025-04-25 21:11:01,481 - INFO - 跳过已存在美食: 澳门_蛋卷
2025-04-25 21:11:02,478 - INFO - 跳过已存在美食: 澳门_猪骨煲
2025-04-25 21:11:03,993 - INFO - 跳过已存在美食: 澳门_糯米糍
2025-04-25 21:11:05,691 - INFO - 跳过已存在美食: 澳门_杏仁饼
2025-04-25 21:11:07,222 - INFO - 跳过已存在美食: 澳门_猪脚姜
2025-04-25 21:11:08,294 - INFO - 跳过已存在美食: 澳门_深井烧鹅
2025-04-25 21:11:15,915 - INFO - 浏览器实例已重启
2025-04-25 21:11:15,915 - INFO - 开始处理城市: 台湾
2025-04-25 21:11:33,289 - INFO - 城市 台湾 无特色美食列表，跳过
2025-04-25 21:11:33,289 - INFO - 开始处理城市: 三亚
2025-04-25 21:11:34,309 - INFO - 正在处理第 1 页
2025-04-25 21:11:34,322 - INFO - 发现 15 个特色美食
2025-04-25 21:11:35,647 - INFO - 跳过已存在美食: 三亚_椰子鸡
2025-04-25 21:11:37,408 - INFO - 跳过已存在美食: 三亚_文昌鸡
2025-04-25 21:11:39,364 - INFO - 跳过已存在美食: 三亚_和乐蟹
2025-04-25 21:11:40,451 - INFO - 跳过已存在美食: 三亚_海鲜
2025-04-25 21:11:42,056 - INFO - 跳过已存在美食: 三亚_抱罗粉
2025-04-25 21:11:43,326 - INFO - 跳过已存在美食: 三亚_椰子饭
2025-04-25 21:11:45,031 - INFO - 跳过已存在美食: 三亚_清补凉
2025-04-25 21:11:46,193 - INFO - 跳过已存在美食: 三亚_海南鸡饭
2025-04-25 21:11:47,289 - INFO - 跳过已存在美食: 三亚_陵水酸粉
2025-04-25 21:11:48,826 - INFO - 跳过已存在美食: 三亚_冬瓜海螺汤
2025-04-25 21:11:50,330 - INFO - 跳过已存在美食: 三亚_东山羊
2025-04-25 21:11:51,954 - INFO - 跳过已存在美食: 三亚_四角豆
2025-04-25 21:11:53,594 - INFO - 跳过已存在美食: 三亚_革命菜
2025-04-25 21:11:55,162 - INFO - 跳过已存在美食: 三亚_水果炒冰
2025-04-25 21:11:56,735 - INFO - 跳过已存在美食: 三亚_加积鸭
2025-04-25 21:12:01,883 - INFO - 未找到下一页按钮，可能已到最后一页
2025-04-25 21:12:01,883 - INFO - 开始处理城市: 陵水
2025-04-25 21:12:17,166 - INFO - 城市 陵水 无特色美食列表，跳过
2025-04-25 21:12:24,808 - INFO - 浏览器实例已重启
2025-04-25 21:12:24,809 - INFO - 开始处理城市: 海口
2025-04-25 21:12:40,533 - INFO - 城市 海口 无特色美食列表，跳过
2025-04-25 21:12:40,533 - INFO - 开始处理城市: 儋州
2025-04-25 21:12:55,830 - INFO - 城市 儋州 无特色美食列表，跳过
2025-04-25 21:12:55,830 - INFO - 开始处理城市: 万宁
2025-04-25 21:13:11,101 - INFO - 城市 万宁 无特色美食列表，跳过
2025-04-25 21:13:18,305 - INFO - 浏览器实例已重启
2025-04-25 21:13:18,305 - INFO - 开始处理城市: 保亭
2025-04-25 21:13:35,809 - INFO - 城市 保亭 无特色美食列表，跳过
2025-04-25 21:13:35,809 - INFO - 开始处理城市: 文昌
2025-04-25 21:13:51,137 - INFO - 城市 文昌 无特色美食列表，跳过
2025-04-25 21:13:51,137 - INFO - 开始处理城市: 定安
2025-04-25 21:14:06,445 - INFO - 城市 定安 无特色美食列表，跳过
2025-04-25 21:14:13,701 - INFO - 浏览器实例已重启
2025-04-25 21:14:13,701 - INFO - 开始处理城市: 琼海
2025-04-25 21:14:29,095 - INFO - 城市 琼海 无特色美食列表，跳过
2025-04-25 21:14:29,095 - INFO - 开始处理城市: 五指山
2025-04-25 21:14:44,405 - INFO - 城市 五指山 无特色美食列表，跳过
2025-04-25 21:14:44,405 - INFO - 开始处理城市: 澄迈
2025-04-25 21:14:59,667 - INFO - 城市 澄迈 无特色美食列表，跳过
2025-04-25 21:15:06,941 - INFO - 浏览器实例已重启
2025-04-25 21:15:06,942 - INFO - 开始处理城市: 东方
2025-04-25 21:15:22,400 - INFO - 城市 东方 无特色美食列表，跳过
2025-04-25 21:15:22,400 - INFO - 开始处理城市: 琼中
2025-04-25 21:15:37,703 - INFO - 城市 琼中 无特色美食列表，跳过
2025-04-25 21:15:37,703 - INFO - 开始处理城市: 临高
2025-04-25 21:15:53,064 - INFO - 城市 临高 无特色美食列表，跳过
2025-04-25 21:16:00,252 - INFO - 浏览器实例已重启
2025-04-25 21:16:00,253 - INFO - 开始处理城市: 红河
2025-04-25 21:16:15,721 - INFO - 城市 红河 无特色美食列表，跳过
2025-04-25 21:16:15,721 - INFO - 开始处理城市: 昆明
2025-04-25 21:16:31,033 - INFO - 城市 昆明 无特色美食列表，跳过
2025-04-25 21:16:31,033 - INFO - 开始处理城市: 西双版纳
2025-04-25 21:16:46,364 - INFO - 城市 西双版纳 无特色美食列表，跳过
2025-04-25 21:16:53,573 - INFO - 浏览器实例已重启
2025-04-25 21:16:53,573 - INFO - 开始处理城市: 丽江
2025-04-25 21:17:09,008 - INFO - 城市 丽江 无特色美食列表，跳过
2025-04-25 21:17:09,008 - INFO - 开始处理城市: 大理白族自治州
2025-04-25 21:17:24,285 - INFO - 城市 大理白族自治州 无特色美食列表，跳过
2025-04-25 21:17:24,285 - INFO - 开始处理城市: 保山
2025-04-25 21:17:39,583 - INFO - 城市 保山 无特色美食列表，跳过
2025-04-25 21:17:46,850 - INFO - 浏览器实例已重启
2025-04-25 21:17:46,850 - INFO - 开始处理城市: 普洱
2025-04-25 21:18:02,269 - INFO - 城市 普洱 无特色美食列表，跳过
2025-04-25 21:18:02,269 - INFO - 开始处理城市: 迪庆
2025-04-25 21:18:17,508 - INFO - 城市 迪庆 无特色美食列表，跳过
2025-04-25 21:18:17,508 - INFO - 开始处理城市: 德宏
2025-04-25 21:18:32,769 - INFO - 城市 德宏 无特色美食列表，跳过
2025-04-25 21:18:39,988 - INFO - 浏览器实例已重启
2025-04-25 21:18:39,988 - INFO - 开始处理城市: 曲靖
2025-04-25 21:18:55,391 - INFO - 城市 曲靖 无特色美食列表，跳过
2025-04-25 21:18:55,391 - INFO - 开始处理城市: 楚雄彝族自治州
2025-04-25 21:19:10,637 - INFO - 城市 楚雄彝族自治州 无特色美食列表，跳过
2025-04-25 21:19:10,637 - INFO - 开始处理城市: 文山壮族苗族自治州
2025-04-25 21:19:25,893 - INFO - 城市 文山壮族苗族自治州 无特色美食列表，跳过
2025-04-25 21:19:33,204 - INFO - 浏览器实例已重启
2025-04-25 21:19:33,204 - INFO - 开始处理城市: 昭通
2025-04-25 21:19:48,606 - INFO - 城市 昭通 无特色美食列表，跳过
2025-04-25 21:19:48,606 - INFO - 开始处理城市: 乌鲁木齐
2025-04-25 21:20:03,890 - INFO - 城市 乌鲁木齐 无特色美食列表，跳过
2025-04-25 21:20:03,890 - INFO - 开始处理城市: 吐鲁番
2025-04-25 21:20:19,147 - INFO - 城市 吐鲁番 无特色美食列表，跳过
2025-04-25 21:20:26,413 - INFO - 浏览器实例已重启
2025-04-25 21:20:26,413 - INFO - 开始处理城市: 昌吉回族自治州
2025-04-25 21:20:41,842 - INFO - 城市 昌吉回族自治州 无特色美食列表，跳过
2025-04-25 21:20:41,842 - INFO - 开始处理城市: 博尔塔拉
2025-04-25 21:20:57,208 - INFO - 城市 博尔塔拉 无特色美食列表，跳过
2025-04-25 21:20:57,208 - INFO - 开始处理城市: 喀什地区
2025-04-25 21:21:12,549 - INFO - 城市 喀什地区 无特色美食列表，跳过
2025-04-25 21:21:19,814 - INFO - 浏览器实例已重启
2025-04-25 21:21:19,814 - INFO - 开始处理城市: 克拉玛依
2025-04-25 21:21:35,326 - INFO - 城市 克拉玛依 无特色美食列表，跳过
2025-04-25 21:21:35,326 - INFO - 开始处理城市: 阿勒泰地区
2025-04-25 21:21:50,727 - INFO - 城市 阿勒泰地区 无特色美食列表，跳过
2025-04-25 21:21:50,727 - INFO - 开始处理城市: 阿克苏地区
2025-04-25 21:22:06,044 - INFO - 城市 阿克苏地区 无特色美食列表，跳过
2025-04-25 21:22:13,320 - INFO - 浏览器实例已重启
2025-04-25 21:22:13,320 - INFO - 开始处理城市: 伊犁
2025-04-25 21:22:28,783 - INFO - 城市 伊犁 无特色美食列表，跳过
2025-04-25 21:22:28,783 - INFO - 开始处理城市: 巴音郭楞
2025-04-25 21:22:44,101 - INFO - 城市 巴音郭楞 无特色美食列表，跳过
2025-04-25 21:22:44,101 - INFO - 开始处理城市: 林芝
2025-04-25 21:22:59,427 - INFO - 城市 林芝 无特色美食列表，跳过
2025-04-25 21:23:06,627 - INFO - 浏览器实例已重启
2025-04-25 21:23:06,627 - INFO - 开始处理城市: 拉萨
2025-04-25 21:23:22,078 - INFO - 城市 拉萨 无特色美食列表，跳过
2025-04-25 21:23:22,078 - INFO - 开始处理城市: 昌都
2025-04-25 21:23:37,363 - INFO - 城市 昌都 无特色美食列表，跳过
2025-04-25 21:23:37,363 - INFO - 开始处理城市: 日喀则
2025-04-25 21:23:52,643 - INFO - 城市 日喀则 无特色美食列表，跳过
2025-04-25 21:24:00,283 - INFO - 浏览器实例已重启
2025-04-25 21:24:00,283 - INFO - 开始处理城市: 山南
2025-04-25 21:24:15,843 - INFO - 城市 山南 无特色美食列表，跳过
2025-04-25 21:24:15,843 - INFO - 开始处理城市: 那曲
2025-04-25 21:24:31,193 - INFO - 城市 那曲 无特色美食列表，跳过
2025-04-25 21:24:31,193 - INFO - 开始处理城市: 阿里
2025-04-25 21:24:46,522 - INFO - 城市 阿里 无特色美食列表，跳过
2025-04-25 21:24:53,860 - INFO - 浏览器实例已重启
2025-04-25 21:24:53,861 - INFO - 开始处理城市: 成都
2025-04-25 21:25:09,335 - INFO - 城市 成都 无特色美食列表，跳过
2025-04-25 21:25:09,335 - INFO - 开始处理城市: 阿坝藏族羌族自治州
2025-04-25 21:25:24,670 - INFO - 城市 阿坝藏族羌族自治州 无特色美食列表，跳过
2025-04-25 21:25:24,670 - INFO - 开始处理城市: 乐山
2025-04-25 21:25:40,008 - INFO - 城市 乐山 无特色美食列表，跳过
2025-04-25 21:25:47,350 - INFO - 浏览器实例已重启
2025-04-25 21:25:47,350 - INFO - 开始处理城市: 自贡
2025-04-25 21:26:02,764 - INFO - 城市 自贡 无特色美食列表，跳过
2025-04-25 21:26:02,764 - INFO - 开始处理城市: 雅安
2025-04-25 21:26:18,024 - INFO - 城市 雅安 无特色美食列表，跳过
2025-04-25 21:26:18,024 - INFO - 开始处理城市: 绵阳
2025-04-25 21:26:33,321 - INFO - 城市 绵阳 无特色美食列表，跳过
2025-04-25 21:26:40,547 - INFO - 浏览器实例已重启
2025-04-25 21:26:40,548 - INFO - 开始处理城市: 广安
2025-04-25 21:26:55,961 - INFO - 城市 广安 无特色美食列表，跳过
2025-04-25 21:26:55,961 - INFO - 开始处理城市: 广元
2025-04-25 21:27:11,252 - INFO - 城市 广元 无特色美食列表，跳过
2025-04-25 21:27:11,252 - INFO - 开始处理城市: 眉山
2025-04-25 21:27:26,524 - INFO - 城市 眉山 无特色美食列表，跳过
2025-04-25 21:27:33,726 - INFO - 浏览器实例已重启
2025-04-25 21:27:33,726 - INFO - 开始处理城市: 德阳
2025-04-25 21:27:49,161 - INFO - 城市 德阳 无特色美食列表，跳过
2025-04-25 21:27:49,161 - INFO - 开始处理城市: 宜宾
2025-04-25 21:28:04,473 - INFO - 城市 宜宾 无特色美食列表，跳过
2025-04-25 21:28:04,473 - INFO - 开始处理城市: 济南
2025-04-25 21:28:19,810 - INFO - 城市 济南 无特色美食列表，跳过
2025-04-25 21:28:27,028 - INFO - 浏览器实例已重启
2025-04-25 21:28:27,028 - INFO - 开始处理城市: 青岛
2025-04-25 21:28:42,505 - INFO - 城市 青岛 无特色美食列表，跳过
2025-04-25 21:28:42,505 - INFO - 开始处理城市: 郑州
2025-04-25 21:28:57,818 - INFO - 城市 郑州 无特色美食列表，跳过
2025-04-25 21:28:57,818 - INFO - 开始处理城市: 张家界
2025-04-25 21:29:13,108 - INFO - 城市 张家界 无特色美食列表，跳过
2025-04-25 21:29:20,406 - INFO - 浏览器实例已重启
2025-04-25 21:29:20,406 - INFO - 开始处理城市: 长沙
2025-04-25 21:29:35,830 - INFO - 城市 长沙 无特色美食列表，跳过
2025-04-25 21:29:35,830 - INFO - 开始处理城市: 郴州
2025-04-25 21:29:51,154 - INFO - 城市 郴州 无特色美食列表，跳过
2025-04-25 21:29:51,154 - INFO - 开始处理城市: 岳阳
2025-04-25 21:30:06,487 - INFO - 城市 岳阳 无特色美食列表，跳过
2025-04-25 21:30:13,743 - INFO - 浏览器实例已重启
2025-04-25 21:30:13,744 - INFO - 开始处理城市: 常德
2025-04-25 21:30:29,192 - INFO - 城市 常德 无特色美食列表，跳过
2025-04-25 21:30:29,192 - INFO - 开始处理城市: 衡阳
2025-04-25 21:30:44,513 - INFO - 城市 衡阳 无特色美食列表，跳过
2025-04-25 21:30:44,513 - INFO - 开始处理城市: 株洲
2025-04-25 21:30:59,817 - INFO - 城市 株洲 无特色美食列表，跳过
2025-04-25 21:31:07,111 - INFO - 浏览器实例已重启
2025-04-25 21:31:07,112 - INFO - 开始处理城市: 湘西土家族苗族自治州
2025-04-25 21:31:22,565 - INFO - 城市 湘西土家族苗族自治州 无特色美食列表，跳过
2025-04-25 21:31:22,565 - INFO - 开始处理城市: 湘潭
2025-04-25 21:31:37,834 - INFO - 城市 湘潭 无特色美食列表，跳过
2025-04-25 21:31:37,834 - INFO - 开始处理城市: 益阳
2025-04-25 21:31:53,141 - INFO - 城市 益阳 无特色美食列表，跳过
2025-04-25 21:32:00,450 - INFO - 浏览器实例已重启
2025-04-25 21:32:00,450 - INFO - 开始处理城市: 永州
2025-04-25 21:32:16,019 - INFO - 城市 永州 无特色美食列表，跳过
2025-04-25 21:32:16,019 - INFO - 开始处理城市: 铜仁
2025-04-25 21:32:31,324 - INFO - 城市 铜仁 无特色美食列表，跳过
2025-04-25 21:32:31,324 - INFO - 开始处理城市: 毕节
2025-04-25 21:32:46,632 - INFO - 城市 毕节 无特色美食列表，跳过
2025-04-25 21:32:53,876 - INFO - 浏览器实例已重启
2025-04-25 21:32:53,877 - INFO - 开始处理城市: 黔南
2025-04-25 21:33:09,275 - INFO - 城市 黔南 无特色美食列表，跳过
2025-04-25 21:33:09,275 - INFO - 开始处理城市: 贵阳
2025-04-25 21:33:24,584 - INFO - 城市 贵阳 无特色美食列表，跳过
2025-04-25 21:33:24,584 - INFO - 开始处理城市: 黔东南
2025-04-25 21:33:39,873 - INFO - 城市 黔东南 无特色美食列表，跳过
2025-04-25 21:33:47,156 - INFO - 浏览器实例已重启
2025-04-25 21:33:47,157 - INFO - 开始处理城市: 安顺
2025-04-25 21:34:02,626 - INFO - 城市 安顺 无特色美食列表，跳过
2025-04-25 21:34:02,626 - INFO - 开始处理城市: 遵义
2025-04-25 21:34:17,932 - INFO - 城市 遵义 无特色美食列表，跳过
2025-04-25 21:34:17,932 - INFO - 开始处理城市: 黔西南
2025-04-25 21:34:33,254 - INFO - 城市 黔西南 无特色美食列表，跳过
2025-04-25 21:34:40,541 - INFO - 浏览器实例已重启
2025-04-25 21:34:40,541 - INFO - 开始处理城市: 六盘水
2025-04-25 21:34:55,961 - INFO - 城市 六盘水 无特色美食列表，跳过
2025-04-25 21:34:55,961 - INFO - 开始处理城市: 呼和浩特
2025-04-25 21:35:11,353 - INFO - 城市 呼和浩特 无特色美食列表，跳过
2025-04-25 21:35:11,353 - INFO - 开始处理城市: 鄂尔多斯
2025-04-25 21:35:26,681 - INFO - 城市 鄂尔多斯 无特色美食列表，跳过
2025-04-25 21:35:34,016 - INFO - 浏览器实例已重启
2025-04-25 21:35:34,016 - INFO - 开始处理城市: 包头
2025-04-25 21:35:49,427 - INFO - 城市 包头 无特色美食列表，跳过
2025-04-25 21:35:49,427 - INFO - 开始处理城市: 通辽
2025-04-25 21:36:04,764 - INFO - 城市 通辽 无特色美食列表，跳过
2025-04-25 21:36:04,764 - INFO - 开始处理城市: 合肥
2025-04-25 21:36:20,058 - INFO - 城市 合肥 无特色美食列表，跳过
2025-04-25 21:36:27,336 - INFO - 浏览器实例已重启
2025-04-25 21:36:27,336 - INFO - 开始处理城市: 太原
2025-04-25 21:36:42,788 - INFO - 城市 太原 无特色美食列表，跳过
2025-04-25 21:36:42,788 - INFO - 开始处理城市: 哈尔滨
2025-04-25 21:36:58,115 - INFO - 城市 哈尔滨 无特色美食列表，跳过
2025-04-25 21:36:58,115 - INFO - 开始处理城市: 南昌
2025-04-25 21:37:13,417 - INFO - 城市 南昌 无特色美食列表，跳过
2025-04-25 21:37:20,788 - INFO - 浏览器实例已重启
2025-04-25 21:37:20,788 - INFO - 开始处理城市: 广州
2025-04-25 21:37:36,250 - INFO - 城市 广州 无特色美食列表，跳过
2025-04-25 21:37:36,250 - INFO - 开始处理城市: 深圳
2025-04-25 21:37:51,553 - INFO - 城市 深圳 无特色美食列表，跳过
2025-04-25 21:37:51,553 - INFO - 开始处理城市: 佛山
2025-04-25 21:38:06,859 - INFO - 城市 佛山 无特色美食列表，跳过
2025-04-25 21:38:14,214 - INFO - 浏览器实例已重启
2025-04-25 21:38:14,214 - INFO - 开始处理城市: 东莞
2025-04-25 21:38:29,627 - INFO - 城市 东莞 无特色美食列表，跳过
2025-04-25 21:38:29,627 - INFO - 开始处理城市: 石家庄
2025-04-25 21:38:44,956 - INFO - 城市 石家庄 无特色美食列表，跳过
2025-04-25 21:38:44,956 - INFO - 开始处理城市: 厦门
2025-04-25 21:39:00,278 - INFO - 城市 厦门 无特色美食列表，跳过
2025-04-25 21:39:07,523 - INFO - 浏览器实例已重启
2025-04-25 21:39:07,523 - INFO - 开始处理城市: 福州
2025-04-25 21:39:22,985 - INFO - 城市 福州 无特色美食列表，跳过
2025-04-25 21:39:22,985 - INFO - 开始处理城市: 南宁
2025-04-25 21:39:38,316 - INFO - 城市 南宁 无特色美食列表，跳过
2025-04-25 21:39:38,316 - INFO - 开始处理城市: 桂林
2025-04-25 21:39:53,644 - INFO - 城市 桂林 无特色美食列表，跳过
2025-04-25 21:40:00,901 - INFO - 浏览器实例已重启
2025-04-25 21:40:00,901 - INFO - 开始处理城市: 崇左
2025-04-25 21:40:16,364 - INFO - 城市 崇左 无特色美食列表，跳过
2025-04-25 21:40:16,364 - INFO - 开始处理城市: 北海
2025-04-25 21:40:31,650 - INFO - 城市 北海 无特色美食列表，跳过
2025-04-25 21:40:31,650 - INFO - 开始处理城市: 贺州
2025-04-25 21:40:46,974 - INFO - 城市 贺州 无特色美食列表，跳过
2025-04-25 21:40:54,288 - INFO - 浏览器实例已重启
2025-04-25 21:40:54,288 - INFO - 开始处理城市: 河池
2025-04-25 21:41:09,799 - INFO - 城市 河池 无特色美食列表，跳过
2025-04-25 21:41:09,799 - INFO - 开始处理城市: 百色
2025-04-25 21:41:25,195 - INFO - 城市 百色 无特色美食列表，跳过
2025-04-25 21:41:25,195 - INFO - 开始处理城市: 柳州
2025-04-25 21:41:40,562 - INFO - 城市 柳州 无特色美食列表，跳过
2025-04-25 21:41:47,854 - INFO - 浏览器实例已重启
2025-04-25 21:41:47,854 - INFO - 开始处理城市: 贵港
2025-04-25 21:42:03,371 - INFO - 城市 贵港 无特色美食列表，跳过
2025-04-25 21:42:03,371 - INFO - 开始处理城市: 防城港
2025-04-25 21:42:18,739 - INFO - 城市 防城港 无特色美食列表，跳过
2025-04-25 21:42:18,739 - INFO - 开始处理城市: 玉林
2025-04-25 21:42:34,116 - INFO - 城市 玉林 无特色美食列表，跳过
2025-04-25 21:42:41,444 - INFO - 浏览器实例已重启
2025-04-25 21:42:41,445 - INFO - 开始处理城市: 来宾
2025-04-25 21:42:58,932 - INFO - 城市 来宾 无特色美食列表，跳过
2025-04-25 21:42:58,932 - INFO - 开始处理城市: 兰州
2025-04-25 21:43:00,532 - INFO - 正在处理第 1 页
2025-04-25 21:43:00,548 - INFO - 发现 10 个特色美食
2025-04-25 21:43:02,060 - INFO - 跳过已存在美食: 兰州_牛肉面
2025-04-25 21:43:03,631 - INFO - 跳过已存在美食: 兰州_手抓羊肉
2025-04-25 21:43:05,349 - INFO - 跳过已存在美食: 兰州_酿皮子
2025-04-25 21:43:06,929 - INFO - 跳过已存在美食: 兰州_面片
2025-04-25 21:43:08,705 - INFO - 跳过已存在美食: 兰州_牛奶鸡蛋醪糟
2025-04-25 21:43:10,087 - INFO - 跳过已存在美食: 兰州_甜醅子
2025-04-25 21:43:11,760 - INFO - 跳过已存在美食: 兰州_黄焖羊肉
2025-04-25 21:43:12,729 - INFO - 跳过已存在美食: 兰州_灰豆子
2025-04-25 21:43:14,526 - INFO - 跳过已存在美食: 兰州_浆水面
2025-04-25 21:43:16,003 - INFO - 跳过已存在美食: 兰州_烤羊肉串
2025-04-25 21:43:21,124 - INFO - 未找到下一页按钮，可能已到最后一页
2025-04-25 21:43:21,124 - INFO - 开始处理城市: 武汉
2025-04-25 21:43:22,478 - INFO - 正在处理第 1 页
2025-04-25 21:43:22,490 - INFO - 发现 15 个特色美食
2025-04-25 21:43:23,939 - INFO - 跳过已存在美食: 武汉_热干面
2025-04-25 21:43:25,642 - INFO - 跳过已存在美食: 武汉_武昌鱼
2025-04-25 21:43:27,152 - INFO - 跳过已存在美食: 武汉_武汉鸭脖
2025-04-25 21:43:28,550 - INFO - 跳过已存在美食: 武汉_豆皮
2025-04-25 21:43:30,331 - INFO - 跳过已存在美食: 武汉_鲜鱼糊汤粉
2025-04-25 21:43:31,978 - INFO - 跳过已存在美食: 武汉_面窝
2025-04-25 21:43:33,640 - INFO - 跳过已存在美食: 武汉_鸡冠饺
2025-04-25 21:43:34,822 - INFO - 跳过已存在美食: 武汉_米粑
2025-04-25 21:43:36,269 - INFO - 跳过已存在美食: 武汉_欢喜坨
2025-04-25 21:43:37,748 - INFO - 跳过已存在美食: 武汉_蛋酒
2025-04-25 21:43:39,461 - INFO - 跳过已存在美食: 武汉_排骨莲藕汤
2025-04-25 21:43:41,088 - INFO - 跳过已存在美食: 武汉_黄陂豆丝
2025-04-25 21:43:43,074 - INFO - 跳过已存在美食: 武汉_油焖大虾
2025-04-25 21:43:44,530 - INFO - 跳过已存在美食: 武汉_烧麦
2025-04-25 21:43:45,946 - INFO - 跳过已存在美食: 武汉_辣得跳
2025-04-25 21:43:49,749 - INFO - 正在处理第 2 页
2025-04-25 21:43:49,771 - INFO - 发现 2 个特色美食
2025-04-25 21:43:51,360 - INFO - 跳过已存在美食: 武汉_汤包
2025-04-25 21:43:52,903 - INFO - 跳过已存在美食: 武汉_蒸虾
2025-04-25 21:44:00,262 - INFO - 浏览器实例已重启
2025-04-25 21:44:00,263 - INFO - 开始处理城市: 长春
2025-04-25 21:44:02,561 - INFO - 正在处理第 1 页
2025-04-25 21:44:02,570 - INFO - 发现 12 个特色美食
2025-04-25 21:44:03,813 - INFO - 跳过已存在美食: 长春_锅包肉
2025-04-25 21:44:05,512 - INFO - 跳过已存在美食: 长春_酱骨头
2025-04-25 21:44:07,132 - INFO - 跳过已存在美食: 长春_拉皮
2025-04-25 21:44:08,264 - INFO - 跳过已存在美食: 长春_打糕
2025-04-25 21:44:09,805 - INFO - 跳过已存在美食: 长春_溜肉段
2025-04-25 21:44:11,366 - INFO - 跳过已存在美食: 长春_雪衣豆沙
2025-04-25 21:44:12,892 - INFO - 跳过已存在美食: 长春_豆腐串
2025-04-25 21:44:14,286 - INFO - 跳过已存在美食: 长春_一锅出
2025-04-25 21:44:15,913 - INFO - 跳过已存在美食: 长春_白肉血肠
2025-04-25 21:44:17,300 - INFO - 跳过已存在美食: 长春_烤冷面
2025-04-25 21:44:18,771 - INFO - 跳过已存在美食: 长春_排骨炖豆角
2025-04-25 21:44:19,870 - INFO - 跳过已存在美食: 长春_朝鲜冷面
2025-04-25 21:44:25,049 - INFO - 未找到下一页按钮，可能已到最后一页
2025-04-25 21:44:25,049 - INFO - 开始处理城市: 西安
2025-04-25 21:44:26,465 - INFO - 正在处理第 1 页
2025-04-25 21:44:26,483 - INFO - 发现 15 个特色美食
2025-04-25 21:44:28,189 - INFO - 跳过已存在美食: 西安_葫芦鸡
2025-04-25 21:44:29,765 - INFO - 跳过已存在美食: 西安_肉夹馍
2025-04-25 21:44:31,366 - INFO - 跳过已存在美食: 西安_西安凉皮
2025-04-25 21:44:33,065 - INFO - 跳过已存在美食: 西安_Biang biang面
2025-04-25 21:44:34,629 - INFO - 跳过已存在美食: 西安_牛羊肉泡馍
2025-04-25 21:44:36,186 - INFO - 跳过已存在美食: 西安_油泼面
2025-04-25 21:44:37,883 - INFO - 跳过已存在美食: 西安_水盆羊肉
2025-04-25 21:44:39,465 - INFO - 跳过已存在美食: 西安_臊子面
2025-04-25 21:44:40,864 - INFO - 跳过已存在美食: 西安_涮牛肚
2025-04-25 21:44:42,348 - INFO - 跳过已存在美食: 西安_擀面皮
2025-04-25 21:44:43,905 - INFO - 跳过已存在美食: 西安_甑糕
2025-04-25 21:44:45,511 - INFO - 跳过已存在美食: 西安_金线油塔
2025-04-25 21:44:47,097 - INFO - 跳过已存在美食: 西安_肉丸胡辣汤
2025-04-25 21:44:48,704 - INFO - 跳过已存在美食: 西安_锅盔
2025-04-25 21:44:50,064 - INFO - 跳过已存在美食: 西安_灌汤包
2025-04-25 21:44:53,827 - INFO - 正在处理第 2 页
2025-04-25 21:44:53,858 - INFO - 发现 8 个特色美食
2025-04-25 21:44:55,656 - INFO - 跳过已存在美食: 西安_葫芦头
2025-04-25 21:44:56,946 - INFO - 跳过已存在美食: 西安_辣子蒜羊血
2025-04-25 21:44:58,759 - INFO - 跳过已存在美食: 西安_小炒泡馍
2025-04-25 21:45:00,218 - INFO - 跳过已存在美食: 西安_粉汤羊血
2025-04-25 21:45:01,849 - INFO - 跳过已存在美食: 西安_黄桂柿子饼
2025-04-25 21:45:12,137 - INFO - 跳过已存在美食: 西安_西安烤肉
2025-04-25 21:45:13,700 - INFO - 跳过已存在美食: 西安_饺子
2025-04-25 21:45:24,082 - INFO - 跳过已存在美食: 西安_米皮
2025-04-25 21:45:24,107 - INFO - 开始处理城市: 沈阳
2025-04-25 21:45:39,518 - INFO - 城市 沈阳 无特色美食列表，跳过
2025-04-25 21:45:46,820 - INFO - 浏览器实例已重启
2025-04-25 21:45:46,820 - INFO - 开始处理城市: 大连
2025-04-25 21:45:48,916 - INFO - 正在处理第 1 页
2025-04-25 21:45:48,927 - INFO - 发现 15 个特色美食
2025-04-25 21:45:59,278 - INFO - 跳过已存在美食: 大连_锅包肉
2025-04-25 21:46:09,645 - INFO - 跳过已存在美食: 大连_地三鲜
2025-04-25 21:46:20,007 - INFO - 跳过已存在美食: 大连_海味全家福
2025-04-25 21:46:30,337 - INFO - 跳过已存在美食: 大连_焖子
2025-04-25 21:46:31,692 - INFO - 跳过已存在美食: 大连_大连鲍鱼
2025-04-25 21:46:42,000 - INFO - 跳过已存在美食: 大连_蚬子
2025-04-25 21:46:52,316 - INFO - 跳过已存在美食: 大连_海胆
2025-04-25 21:47:02,658 - INFO - 跳过已存在美食: 大连_海螺
2025-04-25 21:47:13,015 - INFO - 跳过已存在美食: 大连_虾爬子
2025-04-25 21:47:23,352 - INFO - 跳过已存在美食: 大连_海鲜饺子
2025-04-25 21:47:33,662 - INFO - 跳过已存在美食: 大连_烤鱿鱼
2025-04-25 21:47:43,967 - INFO - 跳过已存在美食: 大连_咸鱼饼子
2025-04-25 21:47:54,286 - INFO - 跳过已存在美食: 大连_樱桃肉
2025-04-25 21:48:04,598 - INFO - 跳过已存在美食: 大连_鲅鱼水饺
2025-04-25 21:48:14,990 - INFO - 跳过已存在美食: 大连_海菜包子
2025-04-25 21:48:31,112 - INFO - 未找到下一页按钮，可能已到最后一页
2025-04-25 21:48:31,112 - INFO - 处理完成！成功：118 失败：0
2025-04-25 21:48:33,253 - INFO - 浏览器已关闭
