2025-04-25 06:05:46,161 - WARNING - 约束设置异常: [Statement.SyntaxError] Invalid input 'F': expected whitespace, comment, UniqueConstraintWithOptionsSyntax, UniqueCompositeConstraintWithOptionsSyntax, NodeKeyConstraintWithOptionsSyntax, NodeProperty
2025-04-25 06:05:46,176 - INFO - 有效城市数量: 12/12
2025-04-25 06:05:53,435 - INFO - 浏览器实例已重启
2025-04-25 06:05:53,436 - INFO - 开始处理城市: 南宁
2025-04-25 06:05:55,889 - INFO - 正在处理第 1 页
2025-04-25 06:06:31,350 - INFO - 成功提交 15 个餐馆
2025-04-25 06:06:34,477 - INFO - 正在处理第 2 页
2025-04-25 06:08:57,203 - INFO - 成功提交 15 个餐馆
2025-04-25 06:09:00,162 - INFO - 开始处理城市: 桂林
2025-04-25 06:09:01,626 - INFO - 正在处理第 1 页
2025-04-25 06:10:53,773 - INFO - 成功提交 15 个餐馆
2025-04-25 06:10:59,280 - INFO - 正在处理第 2 页
2025-04-25 06:11:39,919 - INFO - 成功提交 15 个餐馆
2025-04-25 06:11:43,233 - INFO - 开始处理城市: 崇左
2025-04-25 06:11:44,752 - INFO - 正在处理第 1 页
2025-04-25 06:14:24,332 - INFO - 成功提交 15 个餐馆
2025-04-25 06:14:28,377 - INFO - 正在处理第 2 页
2025-04-25 06:16:25,162 - INFO - 成功提交 15 个餐馆
2025-04-25 06:16:36,960 - INFO - 浏览器实例已重启
2025-04-25 06:16:36,960 - INFO - 开始处理城市: 北海
2025-04-25 06:16:39,156 - INFO - 正在处理第 1 页
2025-04-25 06:17:37,291 - INFO - 成功提交 15 个餐馆
2025-04-25 06:17:41,542 - INFO - 正在处理第 2 页
2025-04-25 06:18:34,720 - INFO - 成功提交 15 个餐馆
2025-04-25 06:18:38,320 - INFO - 开始处理城市: 贺州
2025-04-25 06:18:39,586 - INFO - 正在处理第 1 页
2025-04-25 06:20:40,271 - INFO - 成功提交 15 个餐馆
2025-04-25 06:20:44,192 - INFO - 正在处理第 2 页
2025-04-25 06:21:42,368 - INFO - 成功提交 15 个餐馆
2025-04-25 06:21:46,077 - INFO - 开始处理城市: 河池
2025-04-25 06:21:47,288 - INFO - 正在处理第 1 页
2025-04-25 06:23:27,204 - INFO - 成功提交 15 个餐馆
2025-04-25 06:23:31,978 - INFO - 正在处理第 2 页
2025-04-25 06:25:04,116 - INFO - 成功提交 15 个餐馆
2025-04-25 06:25:15,299 - INFO - 浏览器实例已重启
2025-04-25 06:25:15,299 - INFO - 开始处理城市: 百色
2025-04-25 06:25:17,779 - INFO - 正在处理第 1 页
2025-04-25 06:27:50,407 - INFO - 成功提交 15 个餐馆
2025-04-25 06:27:54,274 - INFO - 正在处理第 2 页
2025-04-25 06:30:00,217 - INFO - 成功提交 15 个餐馆
2025-04-25 06:30:04,653 - INFO - 开始处理城市: 柳州
2025-04-25 06:30:05,865 - INFO - 正在处理第 1 页
2025-04-25 06:30:58,817 - INFO - 成功提交 15 个餐馆
2025-04-25 06:31:02,785 - INFO - 正在处理第 2 页
2025-04-25 06:33:34,236 - INFO - 成功提交 15 个餐馆
2025-04-25 06:33:37,584 - INFO - 开始处理城市: 贵港
2025-04-25 06:33:38,972 - INFO - 正在处理第 1 页
2025-04-25 06:36:30,877 - INFO - 成功提交 15 个餐馆
2025-04-25 06:36:34,466 - INFO - 正在处理第 2 页
2025-04-25 06:39:43,244 - INFO - 成功提交 15 个餐馆
2025-04-25 06:39:55,228 - INFO - 浏览器实例已重启
2025-04-25 06:39:55,228 - INFO - 开始处理城市: 防城港
2025-04-25 06:39:57,526 - INFO - 正在处理第 1 页
2025-04-25 06:42:06,477 - INFO - 成功提交 15 个餐馆
2025-04-25 06:42:09,744 - INFO - 正在处理第 2 页
2025-04-25 06:44:55,025 - INFO - 成功提交 15 个餐馆
2025-04-25 06:44:58,395 - INFO - 开始处理城市: 玉林
2025-04-25 06:44:59,761 - INFO - 正在处理第 1 页
2025-04-25 06:47:59,114 - INFO - 成功提交 15 个餐馆
2025-04-25 06:48:03,919 - INFO - 正在处理第 2 页
2025-04-25 06:51:43,586 - INFO - 成功提交 15 个餐馆
2025-04-25 06:51:47,653 - INFO - 开始处理城市: 来宾
2025-04-25 06:51:49,157 - INFO - 正在处理第 1 页
2025-04-25 06:54:22,822 - INFO - 成功提交 15 个餐馆
2025-04-25 06:54:26,571 - INFO - 正在处理第 2 页
2025-04-25 06:56:49,096 - INFO - 成功提交 15 个餐馆
2025-04-25 06:56:53,228 - INFO - 处理完成！成功：12 失败：0
2025-04-25 06:56:55,386 - INFO - 浏览器已关闭
2025-04-25 23:19:10,800 - WARNING - 约束设置异常: [Statement.SyntaxError] Invalid input 'F': expected whitespace, comment, UniqueConstraintWithOptionsSyntax, UniqueCompositeConstraintWithOptionsSyntax, NodeKeyConstraintWithOptionsSyntax, NodeProperty
2025-04-25 23:19:10,817 - INFO - 有效城市数量: 118/280
2025-04-25 23:19:18,077 - INFO - 浏览器实例已重启
2025-04-25 23:19:18,082 - INFO - 开始处理城市: 北京
2025-04-25 23:19:21,088 - INFO - 正在处理第 1 页
2025-04-25 23:20:28,052 - INFO - 成功提交 15 个餐馆
2025-04-25 23:20:31,644 - INFO - 正在处理第 2 页
2025-04-25 23:21:39,970 - INFO - 成功提交 15 个餐馆
2025-04-25 23:21:44,065 - INFO - 开始处理城市: 天津
2025-04-25 23:21:45,679 - INFO - 正在处理第 1 页
2025-04-25 23:22:30,464 - INFO - 成功提交 15 个餐馆
2025-04-25 23:22:34,352 - INFO - 正在处理第 2 页
2025-04-25 23:23:10,900 - INFO - 成功提交 15 个餐馆
2025-04-25 23:23:15,924 - INFO - 开始处理城市: 上海
2025-04-25 23:23:17,410 - INFO - 正在处理第 1 页
2025-04-25 23:23:54,653 - INFO - 成功提交 15 个餐馆
2025-04-25 23:23:59,099 - INFO - 正在处理第 2 页
2025-04-25 23:24:37,826 - INFO - 成功提交 15 个餐馆
2025-04-25 23:24:50,080 - INFO - 浏览器实例已重启
2025-04-25 23:24:50,080 - INFO - 开始处理城市: 重庆
2025-04-25 23:24:52,699 - INFO - 正在处理第 1 页
2025-04-25 23:25:37,117 - INFO - 成功提交 15 个餐馆
2025-04-25 23:25:41,204 - INFO - 正在处理第 2 页
2025-04-25 23:26:37,888 - INFO - 成功提交 15 个餐馆
2025-04-25 23:26:40,886 - INFO - 开始处理城市: 香港
2025-04-25 23:26:42,600 - INFO - 正在处理第 1 页
2025-04-25 23:28:07,336 - INFO - 成功提交 15 个餐馆
2025-04-25 23:28:11,173 - INFO - 正在处理第 2 页
2025-04-25 23:28:48,489 - INFO - 成功提交 15 个餐馆
2025-04-25 23:28:52,044 - INFO - 开始处理城市: 澳门
2025-04-25 23:28:53,576 - INFO - 正在处理第 1 页
2025-04-25 23:29:32,804 - INFO - 成功提交 15 个餐馆
2025-04-25 23:29:36,694 - INFO - 正在处理第 2 页
2025-04-25 23:30:16,777 - INFO - 成功提交 15 个餐馆
2025-04-25 23:30:27,694 - INFO - 浏览器实例已重启
2025-04-25 23:30:27,694 - INFO - 开始处理城市: 台湾
2025-04-25 23:30:30,367 - INFO - 正在处理第 1 页
2025-04-25 23:31:23,543 - INFO - 成功提交 15 个餐馆
2025-04-25 23:31:27,299 - INFO - 正在处理第 2 页
2025-04-25 23:32:36,251 - INFO - 成功提交 15 个餐馆
2025-04-25 23:32:40,552 - INFO - 开始处理城市: 三亚
2025-04-25 23:32:42,068 - INFO - 正在处理第 1 页
2025-04-25 23:33:51,548 - INFO - 成功提交 15 个餐馆
2025-04-25 23:33:54,975 - INFO - 正在处理第 2 页
2025-04-25 23:34:02,936 - INFO - 跳过已存在餐馆: 三亚_金茂三亚亚龙湾丽思卡尔顿酒店・...
2025-04-25 23:34:46,518 - INFO - 跳过已存在餐馆: 三亚_三亚1 Hotel 海棠湾阳光壹酒店・...
2025-04-25 23:35:08,223 - INFO - 成功提交 13 个餐馆
2025-04-25 23:35:08,223 - INFO - 开始处理城市: 陵水
2025-04-25 23:35:09,647 - INFO - 正在处理第 1 页
2025-04-25 23:36:39,829 - INFO - 成功提交 15 个餐馆
2025-04-25 23:36:44,303 - INFO - 正在处理第 2 页
2025-04-25 23:37:26,779 - INFO - 跳过已存在餐馆: 陵水_海南富力海洋欢乐世界度假区凯悦...
2025-04-25 23:38:07,465 - INFO - 成功提交 14 个餐馆
2025-04-25 23:38:14,698 - INFO - 浏览器实例已重启
2025-04-25 23:38:14,698 - INFO - 开始处理城市: 海口
2025-04-25 23:38:16,954 - INFO - 正在处理第 1 页
2025-04-25 23:39:21,824 - INFO - 成功提交 15 个餐馆
2025-04-25 23:39:25,695 - INFO - 正在处理第 2 页
2025-04-25 23:40:45,884 - INFO - 成功提交 15 个餐馆
2025-04-25 23:40:50,300 - INFO - 开始处理城市: 儋州
2025-04-25 23:40:51,435 - INFO - 正在处理第 1 页
2025-04-25 23:42:32,987 - INFO - 成功提交 15 个餐馆
2025-04-25 23:42:36,300 - INFO - 正在处理第 2 页
2025-04-25 23:45:13,185 - INFO - 成功提交 15 个餐馆
2025-04-25 23:45:16,616 - INFO - 开始处理城市: 万宁
2025-04-25 23:45:17,860 - INFO - 正在处理第 1 页
2025-04-25 23:46:09,109 - INFO - 成功提交 15 个餐馆
2025-04-25 23:46:12,706 - INFO - 正在处理第 2 页
2025-04-25 23:48:13,349 - INFO - 成功提交 15 个餐馆
2025-04-25 23:48:24,239 - INFO - 浏览器实例已重启
2025-04-25 23:48:24,240 - INFO - 开始处理城市: 保亭
2025-04-25 23:48:26,782 - INFO - 正在处理第 1 页
2025-04-25 23:50:07,795 - INFO - 成功提交 15 个餐馆
2025-04-25 23:50:12,763 - INFO - 正在处理第 2 页
2025-04-25 23:51:48,801 - INFO - 成功提交 15 个餐馆
2025-04-25 23:51:51,696 - INFO - 开始处理城市: 文昌
2025-04-25 23:51:53,123 - INFO - 正在处理第 1 页
2025-04-25 23:52:43,034 - INFO - 成功提交 15 个餐馆
2025-04-25 23:52:47,049 - INFO - 正在处理第 2 页
2025-04-25 23:55:55,881 - INFO - 成功提交 15 个餐馆
2025-04-25 23:55:59,807 - INFO - 开始处理城市: 定安
2025-04-25 23:56:00,918 - INFO - 正在处理第 1 页
2025-04-25 23:57:45,965 - INFO - 成功提交 15 个餐馆
2025-04-25 23:57:50,406 - INFO - 正在处理第 2 页
2025-04-26 00:01:21,034 - INFO - 成功提交 15 个餐馆
2025-04-26 00:01:31,665 - INFO - 浏览器实例已重启
2025-04-26 00:01:31,666 - INFO - 开始处理城市: 琼海
2025-04-26 00:01:33,554 - INFO - 正在处理第 1 页
2025-04-26 00:03:04,106 - INFO - 成功提交 15 个餐馆
2025-04-26 00:03:07,635 - INFO - 正在处理第 2 页
2025-04-26 00:05:00,638 - INFO - 成功提交 15 个餐馆
2025-04-26 00:05:03,923 - INFO - 开始处理城市: 五指山
2025-04-26 00:05:05,013 - INFO - 正在处理第 1 页
2025-04-26 00:06:08,773 - INFO - 成功提交 15 个餐馆
2025-04-26 00:06:12,550 - INFO - 正在处理第 2 页
2025-04-26 00:08:25,081 - INFO - 成功提交 15 个餐馆
2025-04-26 00:08:28,603 - INFO - 开始处理城市: 澄迈
2025-04-26 00:08:29,834 - INFO - 正在处理第 1 页
2025-04-26 00:10:08,398 - INFO - 成功提交 15 个餐馆
2025-04-26 00:10:13,002 - INFO - 正在处理第 2 页
2025-04-26 00:11:16,611 - INFO - 成功提交 15 个餐馆
2025-04-26 00:11:27,914 - INFO - 浏览器实例已重启
2025-04-26 00:11:27,914 - INFO - 开始处理城市: 东方
2025-04-26 00:11:30,587 - INFO - 正在处理第 1 页
2025-04-26 00:13:54,193 - INFO - 成功提交 15 个餐馆
2025-04-26 00:13:57,838 - INFO - 正在处理第 2 页
2025-04-26 00:17:12,147 - INFO - 成功提交 15 个餐馆
2025-04-26 00:17:15,222 - INFO - 开始处理城市: 琼中
2025-04-26 00:17:16,577 - INFO - 正在处理第 1 页
2025-04-26 00:20:45,365 - INFO - 成功提交 15 个餐馆
2025-04-26 00:20:49,226 - INFO - 正在处理第 2 页
2025-04-26 00:26:24,521 - INFO - 成功提交 15 个餐馆
2025-04-26 00:26:27,869 - INFO - 开始处理城市: 临高
2025-04-26 00:26:29,847 - INFO - 正在处理第 1 页
2025-04-26 00:27:48,296 - INFO - 成功提交 15 个餐馆
2025-04-26 00:27:51,677 - INFO - 正在处理第 2 页
2025-04-26 00:31:52,013 - INFO - 成功提交 15 个餐馆
2025-04-26 00:32:03,777 - INFO - 浏览器实例已重启
2025-04-26 00:32:03,777 - INFO - 开始处理城市: 红河
2025-04-26 00:32:06,340 - INFO - 正在处理第 1 页
2025-04-26 00:34:09,842 - INFO - 成功提交 15 个餐馆
2025-04-26 00:34:14,832 - INFO - 正在处理第 2 页
2025-04-26 00:35:32,349 - INFO - 成功提交 15 个餐馆
2025-04-26 00:35:36,504 - INFO - 开始处理城市: 昆明
2025-04-26 00:35:38,196 - INFO - 正在处理第 1 页
2025-04-26 00:37:23,462 - INFO - 成功提交 15 个餐馆
2025-04-26 00:37:26,585 - INFO - 正在处理第 2 页
2025-04-26 00:37:59,997 - INFO - 成功提交 15 个餐馆
2025-04-26 00:38:04,546 - INFO - 开始处理城市: 西双版纳
2025-04-26 00:38:05,925 - INFO - 正在处理第 1 页
2025-04-26 00:39:28,707 - INFO - 成功提交 15 个餐馆
2025-04-26 00:39:32,427 - INFO - 正在处理第 2 页
2025-04-26 00:41:22,252 - INFO - 成功提交 15 个餐馆
2025-04-26 00:41:33,362 - INFO - 浏览器实例已重启
2025-04-26 00:41:33,362 - INFO - 开始处理城市: 丽江
2025-04-26 00:41:35,530 - INFO - 正在处理第 1 页
2025-04-26 00:43:37,528 - INFO - 成功提交 15 个餐馆
2025-04-26 00:43:42,246 - INFO - 正在处理第 2 页
2025-04-26 00:44:36,388 - INFO - 成功提交 15 个餐馆
2025-04-26 00:44:40,895 - INFO - 开始处理城市: 大理白族自治州
2025-04-26 00:44:42,779 - INFO - 正在处理第 1 页
2025-04-26 00:45:21,547 - INFO - 成功提交 15 个餐馆
2025-04-26 00:45:26,263 - INFO - 正在处理第 2 页
2025-04-26 00:46:38,278 - INFO - 成功提交 15 个餐馆
2025-04-26 00:46:42,092 - INFO - 开始处理城市: 保山
2025-04-26 00:46:43,307 - INFO - 正在处理第 1 页
2025-04-26 00:47:37,443 - INFO - 成功提交 15 个餐馆
2025-04-26 00:47:40,377 - INFO - 正在处理第 2 页
2025-04-26 00:49:29,809 - INFO - 成功提交 15 个餐馆
2025-04-26 00:49:40,159 - INFO - 浏览器实例已重启
2025-04-26 00:49:40,159 - INFO - 开始处理城市: 普洱
2025-04-26 00:49:42,610 - INFO - 正在处理第 1 页
2025-04-26 00:51:17,380 - INFO - 成功提交 15 个餐馆
2025-04-26 00:51:21,246 - INFO - 正在处理第 2 页
2025-04-26 00:52:29,444 - INFO - 成功提交 15 个餐馆
2025-04-26 00:52:33,951 - INFO - 开始处理城市: 迪庆
2025-04-26 00:52:35,245 - INFO - 正在处理第 1 页
2025-04-26 00:54:26,607 - INFO - 成功提交 15 个餐馆
2025-04-26 00:54:31,041 - INFO - 正在处理第 2 页
2025-04-26 00:55:50,836 - INFO - 成功提交 15 个餐馆
2025-04-26 00:55:55,071 - INFO - 开始处理城市: 德宏
2025-04-26 00:55:56,387 - INFO - 正在处理第 1 页
2025-04-26 00:57:28,584 - INFO - 成功提交 15 个餐馆
2025-04-26 00:57:31,466 - INFO - 正在处理第 2 页
2025-04-26 00:59:03,552 - INFO - 成功提交 15 个餐馆
2025-04-26 00:59:15,450 - INFO - 浏览器实例已重启
2025-04-26 00:59:15,450 - INFO - 开始处理城市: 曲靖
2025-04-26 00:59:17,752 - INFO - 正在处理第 1 页
2025-04-26 01:02:58,950 - INFO - 成功提交 15 个餐馆
2025-04-26 01:03:02,909 - INFO - 正在处理第 2 页
2025-04-26 01:04:59,039 - INFO - 成功提交 15 个餐馆
2025-04-26 01:05:03,569 - INFO - 开始处理城市: 楚雄彝族自治州
2025-04-26 01:05:05,517 - INFO - 正在处理第 1 页
2025-04-26 01:06:20,895 - INFO - 成功提交 15 个餐馆
2025-04-26 01:06:24,849 - INFO - 正在处理第 2 页
2025-04-26 01:08:13,666 - INFO - 成功提交 15 个餐馆
2025-04-26 01:08:16,986 - INFO - 开始处理城市: 文山壮族苗族自治州
2025-04-26 01:08:17,976 - INFO - 正在处理第 1 页
2025-04-26 01:10:59,780 - INFO - 成功提交 15 个餐馆
2025-04-26 01:11:04,744 - INFO - 正在处理第 2 页
2025-04-26 01:13:14,148 - INFO - 成功提交 15 个餐馆
2025-04-26 01:13:25,976 - INFO - 浏览器实例已重启
2025-04-26 01:13:25,976 - INFO - 开始处理城市: 昭通
2025-04-26 01:13:28,611 - INFO - 正在处理第 1 页
2025-04-26 01:16:37,328 - INFO - 成功提交 15 个餐馆
2025-04-26 01:16:41,692 - INFO - 正在处理第 2 页
2025-04-26 01:18:37,526 - INFO - 成功提交 15 个餐馆
2025-04-26 01:18:41,130 - INFO - 开始处理城市: 乌鲁木齐
2025-04-26 01:18:42,365 - INFO - 正在处理第 1 页
2025-04-26 01:20:17,877 - INFO - 成功提交 15 个餐馆
2025-04-26 01:20:21,766 - INFO - 正在处理第 2 页
2025-04-26 01:22:47,962 - INFO - 成功提交 15 个餐馆
2025-04-26 01:22:51,873 - INFO - 开始处理城市: 吐鲁番
2025-04-26 01:22:53,228 - INFO - 正在处理第 1 页
2025-04-26 01:24:41,232 - INFO - 成功提交 15 个餐馆
2025-04-26 01:24:45,790 - INFO - 正在处理第 2 页
2025-04-26 01:25:58,487 - INFO - 成功提交 15 个餐馆
2025-04-26 01:26:08,806 - INFO - 浏览器实例已重启
2025-04-26 01:26:08,806 - INFO - 开始处理城市: 昌吉回族自治州
2025-04-26 01:26:11,152 - INFO - 正在处理第 1 页
2025-04-26 01:29:34,624 - INFO - 成功提交 15 个餐馆
2025-04-26 01:29:38,919 - INFO - 正在处理第 2 页
2025-04-26 01:31:04,661 - INFO - 成功提交 15 个餐馆
2025-04-26 01:31:08,503 - INFO - 开始处理城市: 博尔塔拉
2025-04-26 01:31:09,938 - INFO - 正在处理第 1 页
2025-04-26 01:33:15,933 - INFO - 成功提交 15 个餐馆
2025-04-26 01:33:19,085 - INFO - 正在处理第 2 页
2025-04-26 01:36:02,437 - INFO - 成功提交 15 个餐馆
2025-04-26 01:36:06,024 - INFO - 开始处理城市: 喀什地区
2025-04-26 01:36:07,629 - INFO - 正在处理第 1 页
2025-04-26 01:37:01,173 - INFO - 成功提交 15 个餐馆
2025-04-26 01:37:04,540 - INFO - 正在处理第 2 页
2025-04-26 01:37:48,787 - INFO - 成功提交 15 个餐馆
2025-04-26 01:38:00,151 - INFO - 浏览器实例已重启
2025-04-26 01:38:00,151 - INFO - 开始处理城市: 克拉玛依
2025-04-26 01:38:02,575 - INFO - 正在处理第 1 页
2025-04-26 01:40:05,150 - INFO - 成功提交 15 个餐馆
2025-04-26 01:40:10,153 - INFO - 正在处理第 2 页
2025-04-26 01:41:51,122 - INFO - 成功提交 15 个餐馆
2025-04-26 01:41:54,655 - INFO - 开始处理城市: 阿勒泰地区
2025-04-26 01:41:55,831 - INFO - 正在处理第 1 页
2025-04-26 01:44:27,557 - INFO - 成功提交 15 个餐馆
2025-04-26 01:44:30,375 - INFO - 正在处理第 2 页
2025-04-26 01:46:15,682 - INFO - 成功提交 15 个餐馆
2025-04-26 01:46:19,145 - INFO - 开始处理城市: 阿克苏地区
2025-04-26 01:46:20,546 - INFO - 正在处理第 1 页
2025-04-26 01:48:06,655 - INFO - 成功提交 15 个餐馆
2025-04-26 01:48:10,637 - INFO - 正在处理第 2 页
2025-04-26 01:50:18,523 - INFO - 成功提交 15 个餐馆
2025-04-26 01:50:30,194 - INFO - 浏览器实例已重启
2025-04-26 01:50:30,194 - INFO - 开始处理城市: 伊犁
2025-04-26 01:50:32,768 - INFO - 正在处理第 1 页
2025-04-26 01:52:29,904 - INFO - 成功提交 15 个餐馆
2025-04-26 01:52:34,536 - INFO - 正在处理第 2 页
2025-04-26 01:53:52,539 - INFO - 成功提交 15 个餐馆
2025-04-26 01:53:55,824 - INFO - 开始处理城市: 巴音郭楞
2025-04-26 01:53:57,516 - INFO - 正在处理第 1 页
2025-04-26 01:55:43,024 - INFO - 成功提交 15 个餐馆
2025-04-26 01:55:47,667 - INFO - 正在处理第 2 页
2025-04-26 01:58:24,004 - INFO - 成功提交 15 个餐馆
2025-04-26 01:58:27,015 - INFO - 开始处理城市: 林芝
2025-04-26 01:58:28,390 - INFO - 正在处理第 1 页
2025-04-26 01:59:42,876 - INFO - 成功提交 15 个餐馆
2025-04-26 01:59:47,387 - INFO - 正在处理第 2 页
2025-04-26 02:01:38,743 - INFO - 成功提交 15 个餐馆
2025-04-26 02:01:49,747 - INFO - 浏览器实例已重启
2025-04-26 02:01:49,747 - INFO - 开始处理城市: 拉萨
2025-04-26 02:01:51,991 - INFO - 正在处理第 1 页
2025-04-26 02:03:47,632 - INFO - 成功提交 15 个餐馆
2025-04-26 02:03:51,785 - INFO - 正在处理第 2 页
2025-04-26 02:05:28,179 - INFO - 成功提交 15 个餐馆
2025-04-26 02:05:31,413 - INFO - 开始处理城市: 昌都
2025-04-26 02:05:33,010 - INFO - 正在处理第 1 页
2025-04-26 02:08:00,235 - INFO - 成功提交 15 个餐馆
2025-04-26 02:08:04,166 - INFO - 正在处理第 2 页
2025-04-26 02:12:18,897 - INFO - 成功提交 15 个餐馆
2025-04-26 02:12:23,488 - INFO - 开始处理城市: 日喀则
2025-04-26 02:12:24,703 - INFO - 正在处理第 1 页
