2025-04-25 10:47:54,160 - WARNING - 约束可能已存在: [Statement.SyntaxError] Invalid input 'F': expected whitespace, comment, UniqueConstraintWithOptionsSyntax, UniqueCompositeConstraintWithOptionsSyntax, NodeKeyConstraintWithOptionsSyntax, NodeProperty
2025-04-25 10:51:33,870 - WARNING - 约束可能已存在: [Statement.SyntaxError] Invalid input 'F': expected whitespace, comment, UniqueConstraintWithOptionsSyntax, UniqueCompositeConstraintWithOptionsSyntax, NodeKeyConstraintWithOptionsSyntax, NodeProperty
2025-04-25 10:51:41,150 - INFO - 浏览器实例已重启
2025-04-25 10:51:41,151 - INFO - 处理特殊城市: 北京
2025-04-25 10:51:43,645 - INFO - 正在处理第 1 页
2025-04-25 10:53:43,703 - INFO - 正在处理第 2 页
2025-04-25 10:55:57,202 - INFO - 成功提交 20 个景点
2025-04-25 10:56:01,034 - INFO - 处理特殊城市: 上海
2025-04-25 10:56:02,627 - INFO - 正在处理第 1 页
2025-04-25 10:58:18,017 - INFO - 正在处理第 2 页
2025-04-25 11:00:13,390 - INFO - 成功提交 20 个景点
2025-04-25 11:00:16,914 - INFO - 处理特殊城市: 澳门
2025-04-25 11:00:18,532 - INFO - 正在处理第 1 页
2025-04-25 11:02:20,520 - INFO - 正在处理第 2 页
2025-04-25 11:04:50,062 - INFO - 成功提交 20 个景点
2025-04-25 11:05:00,224 - INFO - 浏览器实例已重启
2025-04-25 11:05:00,224 - INFO - 处理特殊城市: 香港
2025-04-25 11:05:02,475 - INFO - 正在处理第 1 页
2025-04-25 11:06:44,333 - INFO - 正在处理第 2 页
2025-04-25 11:08:38,391 - INFO - 成功提交 20 个景点
2025-04-25 11:08:41,607 - INFO - 处理特殊城市: 天津
2025-04-25 11:08:43,261 - INFO - 正在处理第 1 页
2025-04-25 11:10:52,941 - INFO - 正在处理第 2 页
2025-04-25 11:13:04,281 - INFO - 成功提交 20 个景点
2025-04-25 11:13:07,900 - INFO - 处理特殊城市: 重庆
2025-04-25 11:13:09,459 - INFO - 正在处理第 1 页
2025-04-25 11:14:37,104 - INFO - 正在处理第 2 页
2025-04-25 11:16:32,616 - INFO - 成功提交 20 个景点
2025-04-25 11:16:42,957 - INFO - 浏览器实例已重启
2025-04-25 11:16:42,958 - INFO - 处理省份: 海南
2025-04-25 11:16:50,390 - INFO - 正在处理第 1 页
2025-04-25 11:18:28,514 - INFO - 正在处理第 2 页
2025-04-25 11:20:39,528 - ERROR - 批量提交失败: [Schema.ConstraintValidationFailed] Node(329) already exists with label `Sight` and property `name` = '南山寺'
2025-04-25 11:20:47,880 - INFO - 正在处理第 1 页
2025-04-25 11:22:45,083 - INFO - 正在处理第 2 页
2025-04-25 11:25:11,197 - INFO - 成功提交 20 个景点
2025-04-25 11:25:19,393 - INFO - 正在处理第 1 页
2025-04-25 11:27:14,481 - INFO - 正在处理第 2 页
2025-04-25 11:31:22,657 - INFO - 成功提交 20 个景点
2025-04-25 11:31:30,274 - INFO - 正在处理第 1 页
2025-04-25 11:33:18,412 - INFO - 正在处理第 2 页
2025-04-25 11:36:40,436 - INFO - 成功提交 20 个景点
2025-04-25 11:36:48,095 - INFO - 正在处理第 1 页
2025-04-25 11:39:40,304 - INFO - 正在处理第 2 页
2025-04-25 11:43:18,383 - INFO - 成功提交 20 个景点
2025-04-25 11:43:26,920 - INFO - 正在处理第 1 页
2025-04-25 11:45:16,852 - INFO - 正在处理第 2 页
2025-04-25 11:48:15,947 - INFO - 成功提交 20 个景点
2025-04-25 11:48:24,497 - INFO - 正在处理第 1 页
2025-04-25 11:51:00,398 - INFO - 正在处理第 2 页
2025-04-25 11:54:37,089 - INFO - 成功提交 20 个景点
2025-04-25 11:54:44,856 - INFO - 正在处理第 1 页
2025-04-25 11:58:45,463 - INFO - 正在处理第 2 页
2025-04-25 12:02:56,822 - INFO - 成功提交 20 个景点
2025-04-25 12:03:05,569 - INFO - 正在处理第 1 页
2025-04-25 12:05:10,836 - INFO - 正在处理第 2 页
2025-04-25 12:08:28,597 - INFO - 成功提交 20 个景点
2025-04-25 12:08:35,930 - INFO - 正在处理第 1 页
2025-04-25 12:11:24,917 - INFO - 正在处理第 2 页
2025-04-25 12:15:09,574 - INFO - 成功提交 20 个景点
2025-04-25 12:15:17,014 - INFO - 正在处理第 1 页
2025-04-25 12:19:04,007 - INFO - 正在处理第 2 页
2025-04-25 12:24:52,549 - INFO - 成功提交 20 个景点
2025-04-25 12:25:01,051 - INFO - 正在处理第 1 页
2025-04-25 12:28:35,630 - INFO - 正在处理第 2 页
2025-04-25 12:33:12,073 - INFO - 成功提交 20 个景点
2025-04-25 12:33:19,475 - INFO - 正在处理第 1 页
2025-04-25 12:36:43,254 - INFO - 正在处理第 2 页
2025-04-25 12:41:47,617 - INFO - 成功提交 20 个景点
2025-04-25 12:41:56,427 - INFO - 正在处理第 1 页
2025-04-25 12:46:33,869 - INFO - 正在处理第 2 页
2025-04-25 12:51:50,967 - INFO - 成功提交 20 个景点
2025-04-25 12:51:58,198 - INFO - 正在处理第 1 页
2025-04-25 12:55:38,833 - INFO - 正在处理第 2 页
2025-04-25 13:00:53,572 - INFO - 成功提交 20 个景点
2025-04-25 13:01:02,137 - INFO - 正在处理第 1 页
2025-04-25 13:04:19,384 - INFO - 正在处理第 2 页
2025-04-25 13:09:37,229 - INFO - 成功提交 20 个景点
2025-04-25 13:09:41,780 - ERROR - 省份处理失败: Message: element click intercepted: Element <div class="filterItem_box__KXFd6 false" style="height:26px;line-height:26px;margin-bottom:8px">...</div> is not clickable at point (26, 12). Other element 
2025-04-25 13:09:45,639 - INFO - 浏览器实例已重启
2025-04-25 13:09:45,640 - INFO - 处理省份: 云南
2025-04-25 13:09:53,123 - INFO - 正在处理第 1 页
2025-04-25 13:11:28,816 - INFO - 正在处理第 2 页
2025-04-25 13:13:43,463 - INFO - 成功提交 20 个景点
2025-04-25 13:13:52,955 - INFO - 正在处理第 1 页
2025-04-25 13:15:54,186 - INFO - 正在处理第 2 页
2025-04-25 13:18:21,792 - ERROR - 批量提交失败: [Schema.ConstraintValidationFailed] Node(321) already exists with label `Sight` and property `name` = '西山风景名胜区'
2025-04-25 13:18:29,054 - INFO - 正在处理第 1 页
2025-04-25 13:20:17,573 - INFO - 正在处理第 2 页
2025-04-25 13:22:46,574 - INFO - 成功提交 20 个景点
2025-04-25 13:22:54,998 - INFO - 正在处理第 1 页
2025-04-25 13:24:40,484 - INFO - 正在处理第 2 页
2025-04-25 13:27:51,772 - INFO - 成功提交 20 个景点
2025-04-25 13:28:00,698 - INFO - 正在处理第 1 页
2025-04-25 13:31:24,506 - INFO - 正在处理第 2 页
2025-04-25 13:33:33,827 - INFO - 成功提交 20 个景点
2025-04-25 13:33:42,824 - INFO - 正在处理第 1 页
2025-04-25 13:36:10,714 - INFO - 正在处理第 2 页
2025-04-25 13:39:50,480 - INFO - 成功提交 20 个景点
2025-04-25 13:39:57,941 - INFO - 正在处理第 1 页
2025-04-25 13:41:54,575 - INFO - 正在处理第 2 页
2025-04-25 13:45:14,804 - INFO - 成功提交 20 个景点
2025-04-25 13:45:22,034 - INFO - 正在处理第 1 页
2025-04-25 13:47:08,875 - INFO - 正在处理第 2 页
2025-04-25 13:50:13,972 - INFO - 成功提交 20 个景点
2025-04-25 13:50:22,851 - INFO - 正在处理第 1 页
2025-04-25 13:52:44,723 - INFO - 正在处理第 2 页
2025-04-25 13:56:21,762 - INFO - 成功提交 20 个景点
2025-04-25 13:56:29,847 - INFO - 正在处理第 1 页
2025-04-25 13:59:40,399 - INFO - 正在处理第 2 页
2025-04-25 14:02:37,772 - INFO - 成功提交 20 个景点
2025-04-25 14:02:47,166 - INFO - 正在处理第 1 页
2025-04-25 14:05:19,179 - INFO - 正在处理第 2 页
2025-04-25 14:08:40,708 - INFO - 成功提交 20 个景点
2025-04-25 14:08:49,184 - INFO - 正在处理第 1 页
2025-04-25 14:12:00,944 - INFO - 正在处理第 2 页
2025-04-25 14:14:36,889 - INFO - 成功提交 20 个景点
2025-04-25 14:14:45,306 - INFO - 正在处理第 1 页
2025-04-25 14:17:47,899 - INFO - 正在处理第 2 页
2025-04-25 14:21:46,639 - INFO - 成功提交 20 个景点
2025-04-25 14:21:54,427 - INFO - 正在处理第 1 页
2025-04-25 14:24:35,236 - INFO - 正在处理第 2 页
2025-04-25 14:28:22,134 - INFO - 成功提交 20 个景点
2025-04-25 14:28:25,452 - INFO - 处理省份: 新疆
2025-04-25 14:28:32,314 - INFO - 正在处理第 1 页
2025-04-25 14:30:34,264 - INFO - 正在处理第 2 页
2025-04-25 14:33:25,365 - INFO - 成功提交 20 个景点
2025-04-25 14:33:33,807 - INFO - 正在处理第 1 页
2025-04-25 14:35:41,947 - INFO - 正在处理第 2 页
2025-04-25 14:39:01,045 - INFO - 成功提交 20 个景点
2025-04-25 14:39:09,157 - INFO - 正在处理第 1 页
2025-04-25 14:41:46,791 - INFO - 正在处理第 2 页
2025-04-25 14:44:32,616 - INFO - 成功提交 20 个景点
2025-04-25 14:44:40,372 - INFO - 正在处理第 1 页
2025-04-25 14:48:24,390 - INFO - 正在处理第 2 页
2025-04-25 14:53:08,485 - INFO - 成功提交 20 个景点
2025-04-25 14:53:17,637 - INFO - 正在处理第 1 页
2025-04-25 14:56:04,282 - INFO - 正在处理第 2 页
2025-04-25 14:58:46,537 - ERROR - 批量提交失败: [Schema.ConstraintValidationFailed] Node(2371) already exists with label `Sight` and property `name` = '果子沟大桥'
2025-04-25 14:58:55,396 - INFO - 正在处理第 1 页
2025-04-25 15:01:21,135 - INFO - 正在处理第 2 页
2025-04-25 15:04:14,681 - INFO - 成功提交 20 个景点
2025-04-25 15:04:23,703 - INFO - 正在处理第 1 页
2025-04-25 15:07:16,787 - INFO - 正在处理第 2 页
2025-04-25 15:11:29,731 - ERROR - 批量提交失败: [Schema.ConstraintValidationFailed] Node(2364) already exists with label `Sight` and property `name` = '胡杨林'
2025-04-25 15:11:38,884 - INFO - 正在处理第 1 页
2025-04-25 15:14:43,491 - INFO - 正在处理第 2 页
2025-04-25 15:19:03,135 - INFO - 成功提交 20 个景点
2025-04-25 15:19:10,467 - INFO - 正在处理第 1 页
2025-04-25 15:21:12,305 - INFO - 正在处理第 2 页
2025-04-25 15:24:07,712 - INFO - 成功提交 20 个景点
2025-04-25 15:24:14,991 - INFO - 正在处理第 1 页
2025-04-25 15:26:29,880 - INFO - 正在处理第 2 页
2025-04-25 15:30:31,409 - INFO - 成功提交 20 个景点
2025-04-25 15:30:40,582 - INFO - 正在处理第 1 页
2025-04-25 15:32:47,159 - INFO - 正在处理第 2 页
2025-04-25 15:36:24,996 - ERROR - 批量提交失败: [Schema.ConstraintValidationFailed] Node(197) already exists with label `Sight` and property `name` = '五彩滩'
2025-04-25 15:36:29,960 - ERROR - 省份处理失败: Message: element click intercepted: Element <div class="filterItem_box__KXFd6 false" style="height:26px;line-height:26px;margin-bottom:8px">...</div> is not clickable at point (40, 12). Other element 
2025-04-25 15:36:33,815 - INFO - 浏览器实例已重启
2025-04-25 15:36:41,050 - INFO - 浏览器实例已重启
2025-04-25 15:36:41,051 - INFO - 处理省份: 西藏
2025-04-25 15:36:48,614 - INFO - 正在处理第 1 页
2025-04-25 15:39:14,179 - INFO - 正在处理第 2 页
2025-04-25 15:42:53,810 - INFO - 成功提交 20 个景点
2025-04-25 15:43:02,072 - INFO - 正在处理第 1 页
2025-04-25 15:45:09,045 - INFO - 正在处理第 2 页
2025-04-25 15:47:42,170 - INFO - 成功提交 20 个景点
2025-04-25 15:47:50,628 - INFO - 正在处理第 1 页
2025-04-25 15:50:39,014 - INFO - 正在处理第 2 页
2025-04-25 15:54:03,619 - INFO - 成功提交 20 个景点
2025-04-25 15:54:11,074 - INFO - 正在处理第 1 页
2025-04-25 15:57:29,627 - INFO - 正在处理第 2 页
2025-04-25 16:01:41,414 - INFO - 成功提交 20 个景点
2025-04-25 16:01:50,031 - INFO - 正在处理第 1 页
2025-04-25 16:05:24,123 - INFO - 正在处理第 2 页
2025-04-25 16:09:05,605 - INFO - 成功提交 20 个景点
2025-04-25 16:09:14,606 - INFO - 正在处理第 1 页
2025-04-25 16:12:48,560 - INFO - 正在处理第 2 页
2025-04-25 16:17:53,231 - INFO - 成功提交 20 个景点
2025-04-25 16:18:02,326 - INFO - 正在处理第 1 页
2025-04-25 16:21:16,063 - INFO - 正在处理第 2 页
2025-04-25 16:25:38,767 - INFO - 成功提交 20 个景点
2025-04-25 16:25:41,595 - INFO - 处理省份: 四川
2025-04-25 16:25:48,424 - INFO - 正在处理第 1 页
2025-04-25 16:27:48,687 - INFO - 正在处理第 2 页
2025-04-25 16:29:33,194 - INFO - 成功提交 20 个景点
2025-04-25 16:29:41,531 - INFO - 正在处理第 1 页
2025-04-25 16:31:08,902 - INFO - 正在处理第 2 页
2025-04-25 16:33:29,684 - INFO - 成功提交 20 个景点
2025-04-25 16:33:38,765 - INFO - 正在处理第 1 页
2025-04-25 16:36:10,704 - INFO - 正在处理第 2 页
2025-04-25 16:38:50,437 - INFO - 成功提交 20 个景点
2025-04-25 16:38:58,343 - INFO - 正在处理第 1 页
2025-04-25 16:40:46,470 - INFO - 正在处理第 2 页
2025-04-25 16:43:17,033 - INFO - 成功提交 20 个景点
2025-04-25 16:43:25,705 - INFO - 正在处理第 1 页
2025-04-25 16:45:12,692 - INFO - 正在处理第 2 页
2025-04-25 16:49:56,729 - INFO - 成功提交 20 个景点
2025-04-25 16:50:05,112 - INFO - 正在处理第 1 页
2025-04-25 16:51:51,277 - INFO - 正在处理第 2 页
2025-04-25 16:54:31,944 - INFO - 成功提交 20 个景点
2025-04-25 16:54:40,599 - INFO - 正在处理第 1 页
2025-04-25 16:56:50,515 - INFO - 正在处理第 2 页
2025-04-25 17:00:15,372 - INFO - 成功提交 20 个景点
2025-04-25 17:00:24,467 - INFO - 正在处理第 1 页
2025-04-25 17:02:04,396 - INFO - 正在处理第 2 页
2025-04-25 17:04:44,873 - INFO - 成功提交 20 个景点
2025-04-25 17:04:53,299 - INFO - 正在处理第 1 页
2025-04-25 17:07:47,870 - INFO - 正在处理第 2 页
2025-04-25 17:11:25,483 - INFO - 成功提交 20 个景点
2025-04-25 17:11:34,599 - INFO - 正在处理第 1 页
2025-04-25 17:14:09,950 - INFO - 正在处理第 2 页
2025-04-25 17:18:00,740 - INFO - 成功提交 20 个景点
2025-04-25 17:18:09,242 - INFO - 正在处理第 1 页
2025-04-25 17:19:55,430 - INFO - 正在处理第 2 页
2025-04-25 17:22:53,148 - INFO - 成功提交 20 个景点
2025-04-25 17:23:01,193 - INFO - 正在处理第 1 页
2025-04-25 17:25:23,016 - INFO - 正在处理第 2 页
2025-04-25 17:28:07,741 - INFO - 成功提交 20 个景点
2025-04-25 17:28:16,853 - INFO - 正在处理第 1 页
2025-04-25 17:30:29,821 - INFO - 正在处理第 2 页
2025-04-25 17:33:38,621 - INFO - 成功提交 20 个景点
2025-04-25 17:33:42,023 - INFO - 处理特殊城市: 台湾
2025-04-25 17:33:43,434 - INFO - 正在处理第 1 页
2025-04-25 17:34:58,638 - INFO - 正在处理第 2 页
2025-04-25 17:37:36,796 - INFO - 成功提交 20 个景点
2025-04-25 17:37:44,818 - ERROR - 浏览器重启失败: Message: session not created: probably user data directory is already in use, please specify a unique value for --user-data-dir argument, or don't use --user-data-dir
Stacktrace:
	GetHandleVerifier [0x00007FF72DAA41A5+77221]
	GetHandleVerifier [0x00007FF72DAA4200+77312]
	(No symbol) [0x00007FF72D85918A]
	(No symbol) [0x00007FF72D895AD9]
	(No symbol) [0x00007FF72D891A4D]
	(No symbol) [0x00007FF72D8E5135]
	(No symbol) [0x00007FF72D8E46F0]
	(No symbol) [0x00007FF72D8D6E63]
	(No symbol) [0x00007FF72D8A03A8]
	(No symbol) [0x00007FF72D8A1113]
	GetHandleVerifier [0x00007FF72DD52A1D+2889245]
	GetHandleVerifier [0x00007FF72DD4D3BD+2867133]
	GetHandleVerifier [0x00007FF72DD69E43+2984515]
	GetHandleVerifier [0x00007FF72DABE8BA+185530]
	GetHandleVerifier [0x00007FF72DAC6BFF+219135]
	GetHandleVerifier [0x00007FF72DAABF64+109412]
	GetHandleVerifier [0x00007FF72DAAC112+109842]
	GetHandleVerifier [0x00007FF72DA92919+5401]
	BaseThreadInitThunk [0x00007FFEBEC67374+20]
	RtlUserThreadStart [0x00007FFEC07DCC91+33]

2025-04-25 17:37:44,818 - ERROR - 处理失败 [山东]: Message: session not created: probably user data directory is already in use, please specify a unique value for --user-data-dir argument, or don't use --user-data-dir
Stacktrace:
	GetHandleVerifier [0
2025-04-25 17:37:48,910 - INFO - 处理省份: 河南
2025-04-25 17:37:53,023 - WARNING - Retrying (Retry(total=2, connect=None, read=None, redirect=None, status=None)) after connection broken by 'NewConnectionError('<urllib3.connection.HTTPConnection object at 0x00000271B0122B10>: Failed to establish a new connection: [WinError 10061] 由于目标计算机积极拒绝，无法连接。')': /session/07f0def5aa4e0eb1396b6d5cc7dca4ee/url
2025-04-25 17:37:57,109 - WARNING - Retrying (Retry(total=1, connect=None, read=None, redirect=None, status=None)) after connection broken by 'NewConnectionError('<urllib3.connection.HTTPConnection object at 0x00000271B0228D50>: Failed to establish a new connection: [WinError 10061] 由于目标计算机积极拒绝，无法连接。')': /session/07f0def5aa4e0eb1396b6d5cc7dca4ee/url
2025-04-25 17:38:01,195 - WARNING - Retrying (Retry(total=0, connect=None, read=None, redirect=None, status=None)) after connection broken by 'NewConnectionError('<urllib3.connection.HTTPConnection object at 0x00000271AF8CF610>: Failed to establish a new connection: [WinError 10061] 由于目标计算机积极拒绝，无法连接。')': /session/07f0def5aa4e0eb1396b6d5cc7dca4ee/url
2025-04-25 17:38:05,274 - ERROR - 省份处理失败: HTTPConnectionPool(host='localhost', port=60987): Max retries exceeded with url: /session/07f0def5aa4e0eb1396b6d5cc7dca4ee/url (Caused by NewConnectionError('<urllib3.connection.HTTPConnection object 
2025-04-25 17:38:09,354 - WARNING - Retrying (Retry(total=2, connect=None, read=None, redirect=None, status=None)) after connection broken by 'NewConnectionError('<urllib3.connection.HTTPConnection object at 0x00000271AFF49A90>: Failed to establish a new connection: [WinError 10061] 由于目标计算机积极拒绝，无法连接。')': /session/07f0def5aa4e0eb1396b6d5cc7dca4ee
2025-04-25 17:38:13,436 - WARNING - Retrying (Retry(total=1, connect=None, read=None, redirect=None, status=None)) after connection broken by 'NewConnectionError('<urllib3.connection.HTTPConnection object at 0x00000271AFFE1A10>: Failed to establish a new connection: [WinError 10061] 由于目标计算机积极拒绝，无法连接。')': /session/07f0def5aa4e0eb1396b6d5cc7dca4ee
2025-04-25 17:38:17,531 - WARNING - Retrying (Retry(total=0, connect=None, read=None, redirect=None, status=None)) after connection broken by 'NewConnectionError('<urllib3.connection.HTTPConnection object at 0x00000271AFFE3550>: Failed to establish a new connection: [WinError 10061] 由于目标计算机积极拒绝，无法连接。')': /session/07f0def5aa4e0eb1396b6d5cc7dca4ee
2025-04-25 17:38:26,795 - INFO - 浏览器实例已重启
2025-04-25 17:38:26,795 - INFO - 处理省份: 湖南
2025-04-25 17:38:34,352 - INFO - 正在处理第 1 页
2025-04-25 17:39:59,593 - INFO - 正在处理第 2 页
2025-04-25 17:42:12,638 - ERROR - 批量提交失败: [Schema.ConstraintValidationFailed] Node(63) already exists with label `Sight` and property `name` = '十里画廊'
2025-04-25 17:42:21,663 - INFO - 正在处理第 1 页
2025-04-25 17:44:28,214 - INFO - 正在处理第 2 页
2025-04-25 17:46:46,742 - INFO - 成功提交 20 个景点
2025-04-25 17:46:54,939 - INFO - 正在处理第 1 页
2025-04-25 17:49:08,737 - INFO - 正在处理第 2 页
2025-04-25 17:52:06,122 - INFO - 成功提交 20 个景点
2025-04-25 17:52:13,886 - INFO - 正在处理第 1 页
2025-04-25 17:54:50,050 - INFO - 正在处理第 2 页
2025-04-25 17:57:19,808 - INFO - 成功提交 20 个景点
2025-04-25 17:57:28,648 - INFO - 正在处理第 1 页
2025-04-25 18:00:10,355 - INFO - 正在处理第 2 页
2025-04-25 18:02:30,052 - INFO - 成功提交 20 个景点
2025-04-25 18:02:38,525 - INFO - 正在处理第 1 页
2025-04-25 18:05:31,384 - INFO - 正在处理第 2 页
2025-04-25 18:08:26,089 - INFO - 成功提交 20 个景点
2025-04-25 18:08:35,143 - INFO - 正在处理第 1 页
2025-04-25 18:10:28,209 - INFO - 正在处理第 2 页
2025-04-25 18:12:31,186 - INFO - 成功提交 20 个景点
2025-04-25 18:12:39,245 - INFO - 正在处理第 1 页
2025-04-25 18:14:41,576 - INFO - 正在处理第 2 页
2025-04-25 18:17:42,189 - INFO - 成功提交 20 个景点
2025-04-25 18:17:50,209 - INFO - 正在处理第 1 页
2025-04-25 18:20:01,671 - INFO - 正在处理第 2 页
2025-04-25 18:23:07,249 - ERROR - 批量提交失败: [Schema.ConstraintValidationFailed] Node(3258) already exists with label `Sight` and property `name` = '泸定桥'
2025-04-25 18:23:15,612 - INFO - 正在处理第 1 页
2025-04-25 18:25:44,244 - INFO - 正在处理第 2 页
2025-04-25 18:28:28,852 - INFO - 成功提交 20 个景点
2025-04-25 18:28:37,405 - INFO - 正在处理第 1 页
2025-04-25 18:31:09,610 - INFO - 正在处理第 2 页
2025-04-25 18:34:18,896 - INFO - 成功提交 20 个景点
2025-04-25 18:34:26,676 - INFO - 正在处理第 1 页
2025-04-25 18:37:19,799 - INFO - 正在处理第 2 页
2025-04-25 18:40:45,158 - ERROR - 批量提交失败: [Schema.ConstraintValidationFailed] Node(2353) already exists with label `Sight` and property `name` = '南山牧场'
2025-04-25 18:40:53,888 - INFO - 正在处理第 1 页
2025-04-25 18:43:16,688 - INFO - 正在处理第 2 页
2025-04-25 18:46:11,179 - INFO - 成功提交 20 个景点
2025-04-25 18:46:21,333 - INFO - 浏览器实例已重启
2025-04-25 18:46:21,333 - INFO - 处理省份: 贵州
2025-04-25 18:46:28,628 - INFO - 正在处理第 1 页
2025-04-25 18:48:24,388 - INFO - 正在处理第 2 页
2025-04-25 18:51:33,800 - INFO - 成功提交 20 个景点
2025-04-25 18:51:41,352 - INFO - 正在处理第 1 页
2025-04-25 18:53:58,742 - INFO - 正在处理第 2 页
2025-04-25 18:56:48,139 - INFO - 成功提交 20 个景点
2025-04-25 18:56:55,331 - INFO - 正在处理第 1 页
2025-04-25 18:59:01,802 - INFO - 正在处理第 2 页
2025-04-25 19:01:56,630 - INFO - 成功提交 20 个景点
2025-04-25 19:02:05,408 - INFO - 正在处理第 1 页
2025-04-25 19:04:08,161 - INFO - 正在处理第 2 页
2025-04-25 19:06:15,839 - INFO - 成功提交 20 个景点
2025-04-25 19:06:24,111 - INFO - 正在处理第 1 页
2025-04-25 19:08:29,648 - INFO - 正在处理第 2 页
2025-04-25 19:11:12,883 - INFO - 成功提交 20 个景点
2025-04-25 19:11:21,785 - INFO - 正在处理第 1 页
2025-04-25 19:13:49,910 - INFO - 正在处理第 2 页
2025-04-25 19:16:18,880 - INFO - 成功提交 20 个景点
2025-04-25 19:16:26,824 - INFO - 正在处理第 1 页
2025-04-25 19:18:59,139 - INFO - 正在处理第 2 页
2025-04-25 19:20:51,870 - INFO - 成功提交 20 个景点
2025-04-25 19:20:59,653 - INFO - 正在处理第 1 页
2025-04-25 19:23:21,066 - INFO - 正在处理第 2 页
2025-04-25 19:26:35,482 - INFO - 成功提交 20 个景点
2025-04-25 19:26:43,505 - INFO - 正在处理第 1 页
2025-04-25 19:29:14,901 - INFO - 正在处理第 2 页
2025-04-25 19:31:43,144 - INFO - 成功提交 20 个景点
2025-04-25 19:31:46,401 - INFO - 处理省份: 内蒙古
2025-04-25 19:31:53,288 - INFO - 正在处理第 1 页
2025-04-25 19:33:45,804 - INFO - 正在处理第 2 页
2025-04-25 19:36:41,256 - INFO - 成功提交 20 个景点
2025-04-25 19:36:49,635 - INFO - 正在处理第 1 页
2025-04-25 19:38:46,153 - INFO - 正在处理第 2 页
2025-04-25 19:41:27,178 - INFO - 成功提交 20 个景点
2025-04-25 19:41:36,299 - INFO - 正在处理第 1 页
2025-04-25 19:43:38,394 - INFO - 正在处理第 2 页
2025-04-25 19:46:39,737 - INFO - 成功提交 20 个景点
2025-04-25 19:46:47,066 - INFO - 正在处理第 1 页
2025-04-25 19:47:47,130 - WARNING - Retrying (Retry(total=2, connect=None, read=None, redirect=None, status=None)) after connection broken by 'ProtocolError('Connection aborted.', ConnectionResetError(10054, '远程主机强迫关闭了一个现有的连接。', None, 10054, None))': /session/13719a576e919e2d2c20ce509d7545f3/window
2025-04-26 02:13:37,103 - WARNING - 约束可能已存在: [Statement.SyntaxError] Invalid input 'F': expected whitespace, comment, UniqueConstraintWithOptionsSyntax, UniqueCompositeConstraintWithOptionsSyntax, NodeKeyConstraintWithOptionsSyntax, NodeProperty
2025-04-26 02:13:44,281 - INFO - 浏览器实例已重启
2025-04-26 02:13:44,281 - INFO - 处理省份: 内蒙古
2025-04-26 02:13:51,948 - INFO - 正在处理第 1 页
2025-04-26 02:13:59,315 - INFO - 跳过已存在景点: 呼和浩特_大召寺
2025-04-26 02:14:16,235 - INFO - 跳过已存在景点: 呼和浩特_席力图召
2025-04-26 02:14:18,122 - INFO - 跳过已存在景点: 呼和浩特_老牛湾黄河大峡谷旅游区
2025-04-26 02:14:30,150 - INFO - 跳过已存在景点: 呼和浩特_千古马颂
2025-04-26 02:14:42,043 - INFO - 跳过已存在景点: 呼和浩特_内蒙古博物院
2025-04-26 02:14:58,985 - INFO - 跳过已存在景点: 呼和浩特_塞上老街
2025-04-26 02:15:06,013 - INFO - 跳过已存在景点: 呼和浩特_伊利健康谷旅游景区
2025-04-26 02:15:18,066 - INFO - 跳过已存在景点: 呼和浩特_哈达门国家森林公园
2025-04-26 02:15:20,397 - INFO - 跳过已存在景点: 呼和浩特_神泉生态旅游景区
2025-04-26 02:15:37,462 - INFO - 跳过已存在景点: 呼和浩特_敕勒川草原
2025-04-26 02:15:40,713 - INFO - 正在处理第 2 页
2025-04-26 02:15:47,553 - INFO - 跳过已存在景点: 呼和浩特_大青山野生动物园
2025-04-26 02:15:59,544 - INFO - 跳过已存在景点: 呼和浩特_哈素海
2025-04-26 02:16:21,576 - INFO - 跳过已存在景点: 呼和浩特_呼和浩特 ・ 刘若英 2025《飞行日》巡回演唱会
2025-04-26 02:16:38,676 - INFO - 跳过已存在景点: 呼和浩特_昭君博物院
2025-04-26 02:17:10,805 - INFO - 跳过已存在景点: 呼和浩特_呼和浩特 ・ 2025小沈阳“你们的”全国巡回演唱会
2025-04-26 02:17:28,243 - INFO - 跳过已存在景点: 呼和浩特_五塔寺
2025-04-26 02:17:45,199 - INFO - 跳过已存在景点: 呼和浩特_绥远城将军衙署
2025-04-26 02:17:57,139 - INFO - 跳过已存在景点: 呼和浩特_莫尼山非遗小镇
2025-04-26 02:18:14,088 - INFO - 跳过已存在景点: 呼和浩特_敕勒川草原文化旅游区
2025-04-26 02:18:31,324 - INFO - 跳过已存在景点: 呼和浩特_清真大寺
2025-04-26 02:18:38,758 - INFO - 正在处理第 1 页
2025-04-26 02:18:45,848 - INFO - 跳过已存在景点: 鄂尔多斯_响沙湾
2025-04-26 02:18:52,617 - INFO - 跳过已存在景点: 鄂尔多斯_鄂尔多斯草原旅游区
2025-04-26 02:18:59,745 - INFO - 跳过已存在景点: 鄂尔多斯_成吉思汗陵
2025-04-26 02:19:06,802 - INFO - 跳过已存在景点: 鄂尔多斯_夜鸣沙旅游区
2025-04-26 02:19:13,668 - INFO - 跳过已存在景点: 鄂尔多斯_库布齐沙漠
2025-04-26 02:19:36,012 - INFO - 跳过已存在景点: 鄂尔多斯_康巴什自然博物馆
2025-04-26 02:19:43,071 - INFO - 跳过已存在景点: 鄂尔多斯_鄂尔多斯野生动物园
2025-04-26 02:20:04,988 - INFO - 跳过已存在景点: 鄂尔多斯_鄂尔多斯 ・ “歌游内蒙古・鄂尔多斯之春”群星演唱会
2025-04-26 02:20:12,039 - INFO - 跳过已存在景点: 鄂尔多斯_七星湖沙漠生态旅游区
2025-04-26 02:20:28,986 - INFO - 跳过已存在景点: 鄂尔多斯_仙沙岛
2025-04-26 02:20:32,835 - INFO - 正在处理第 2 页
2025-04-26 02:20:34,791 - INFO - 跳过已存在景点: 鄂尔多斯_银肯塔拉沙漠生态文化旅游区
2025-04-26 02:20:41,535 - INFO - 跳过已存在景点: 鄂尔多斯_苏泊罕大草原旅游景区
2025-04-26 02:20:48,344 - INFO - 跳过已存在景点: 鄂尔多斯_准格尔黄河大峡谷
2025-04-26 02:21:00,050 - INFO - 跳过已存在景点: 鄂尔多斯_库布其沙漠旅游景区
2025-04-26 02:21:17,205 - INFO - 跳过已存在景点: 鄂尔多斯_康巴什旅游区
2025-04-26 02:21:24,107 - INFO - 跳过已存在景点: 鄂尔多斯_万家惠欢乐水世界
2025-04-26 02:22:00,280 - INFO - 跳过已存在景点: 鄂尔多斯_鄂尔多斯骑骆驼
2025-04-26 02:22:17,436 - INFO - 跳过已存在景点: 鄂尔多斯_鄂尔多斯文化产业园
2025-04-26 02:22:34,463 - INFO - 跳过已存在景点: 鄂尔多斯_鄂尔多斯大草原
2025-04-26 02:23:10,245 - INFO - 跳过已存在景点: 鄂尔多斯_鄂尔多斯滑沙
2025-04-26 02:23:18,269 - INFO - 正在处理第 1 页
2025-04-26 02:23:20,250 - INFO - 跳过已存在景点: 包头_五当召
2025-04-26 02:23:32,188 - INFO - 跳过已存在景点: 包头_北方兵器城
2025-04-26 02:23:49,356 - INFO - 跳过已存在景点: 包头_希拉穆仁草原
2025-04-26 02:23:56,268 - INFO - 跳过已存在景点: 包头_美岱召
2025-04-26 02:24:03,242 - INFO - 跳过已存在景点: 包头_春坤山
2025-04-26 02:24:15,096 - INFO - 跳过已存在景点: 包头_包头古城文化旅游区
2025-04-26 02:24:32,150 - INFO - 跳过已存在景点: 包头_赛汗塔拉城中草原
2025-04-26 02:24:44,210 - INFO - 跳过已存在景点: 包头_马鞍山景区
2025-04-26 02:25:01,223 - INFO - 跳过已存在景点: 包头_红格尔敖包旅游景区
2025-04-26 02:25:13,221 - INFO - 跳过已存在景点: 包头_包头海洋世界
2025-04-26 02:25:15,602 - INFO - 正在处理第 2 页
2025-04-26 02:25:27,473 - INFO - 跳过已存在景点: 包头_包头博物馆
2025-04-26 02:25:49,828 - INFO - 跳过已存在景点: 包头_希拉穆仁花海
2025-04-26 02:25:56,811 - INFO - 跳过已存在景点: 包头_梅力更自然生态风景区
2025-04-26 02:26:18,815 - INFO - 跳过已存在景点: 包头_包头金街
2025-04-26 02:26:25,905 - INFO - 跳过已存在景点: 包头_丝路梦郡
2025-04-26 02:27:02,139 - INFO - 跳过已存在景点: 包头_包头蒙古族歌舞表演
2025-04-26 02:27:08,920 - INFO - 跳过已存在景点: 包头_包头乐园
2025-04-26 02:27:25,919 - INFO - 跳过已存在景点: 包头_九峰山自然保护区
2025-04-26 02:28:02,133 - INFO - 跳过已存在景点: 包头_包头骑马
2025-04-26 02:28:14,538 - INFO - 跳过已存在景点: 包头_希拉穆仁草原扎日格马场
2025-04-26 02:28:21,950 - INFO - 正在处理第 1 页
2025-04-26 02:31:41,815 - INFO - 正在处理第 2 页
2025-04-26 02:34:32,855 - ERROR - 批量提交失败: [Schema.ConstraintValidationFailed] Node(10806) already exists with label `Sight` and property `name` = '通辽市博物馆'
2025-04-26 02:34:40,368 - INFO - 正在处理第 1 页
2025-04-26 02:36:34,022 - INFO - 正在处理第 2 页
2025-04-26 02:39:20,899 - ERROR - 批量提交失败: [Schema.ConstraintValidationFailed] Node(2345) already exists with label `Sight` and property `name` = '红山公园'
2025-04-26 02:39:28,943 - INFO - 正在处理第 1 页
2025-04-26 02:41:33,596 - INFO - 正在处理第 2 页
2025-04-26 02:44:26,082 - INFO - 成功提交 20 个景点
2025-04-26 02:44:35,084 - INFO - 正在处理第 1 页
2025-04-26 02:47:13,247 - INFO - 正在处理第 2 页
2025-04-26 02:50:23,130 - INFO - 成功提交 20 个景点
2025-04-26 02:50:31,844 - INFO - 正在处理第 1 页
2025-04-26 02:52:19,793 - INFO - 正在处理第 2 页
2025-04-26 02:55:01,375 - INFO - 成功提交 20 个景点
2025-04-26 02:55:08,739 - INFO - 正在处理第 1 页
2025-04-26 02:57:51,564 - INFO - 正在处理第 2 页
2025-04-26 03:01:13,772 - INFO - 成功提交 20 个景点
2025-04-26 03:01:21,159 - INFO - 正在处理第 1 页
2025-04-26 03:03:45,053 - INFO - 正在处理第 2 页
2025-04-26 03:06:51,539 - INFO - 成功提交 20 个景点
2025-04-26 03:07:00,138 - INFO - 正在处理第 1 页
2025-04-26 03:10:18,678 - INFO - 正在处理第 2 页
2025-04-26 03:14:26,545 - ERROR - 批量提交失败: [Schema.ConstraintValidationFailed] Node(11014) already exists with label `Sight` and property `name` = '成吉思汗雕像'
2025-04-26 03:14:30,415 - INFO - 处理省份: 浙江
2025-04-26 03:14:37,296 - INFO - 正在处理第 1 页
2025-04-26 03:16:09,678 - INFO - 正在处理第 2 页
2025-04-26 03:17:54,810 - INFO - 成功提交 20 个景点
2025-04-26 03:18:02,747 - INFO - 正在处理第 1 页
2025-04-26 03:19:52,561 - INFO - 正在处理第 2 页
2025-04-26 03:22:12,571 - INFO - 成功提交 20 个景点
2025-04-26 03:22:20,614 - INFO - 正在处理第 1 页
2025-04-26 03:24:02,695 - INFO - 正在处理第 2 页
2025-04-26 03:25:52,876 - INFO - 成功提交 20 个景点
2025-04-26 03:26:00,787 - INFO - 正在处理第 1 页
2025-04-26 03:27:38,422 - INFO - 正在处理第 2 页
2025-04-26 03:30:13,548 - INFO - 成功提交 20 个景点
2025-04-26 03:30:21,184 - INFO - 正在处理第 1 页
2025-04-26 03:32:26,133 - INFO - 正在处理第 2 页
2025-04-26 03:34:41,184 - ERROR - 批量提交失败: [Schema.ConstraintValidationFailed] Node(2244) already exists with label `Sight` and property `name` = '望海楼'
2025-04-26 03:34:48,417 - INFO - 正在处理第 1 页
2025-04-26 03:36:26,155 - INFO - 正在处理第 2 页
2025-04-26 03:38:51,882 - INFO - 成功提交 20 个景点
2025-04-26 03:38:59,311 - INFO - 正在处理第 1 页
2025-04-26 03:41:05,298 - INFO - 正在处理第 2 页
2025-04-26 03:43:26,161 - INFO - 成功提交 20 个景点
2025-04-26 03:43:34,206 - INFO - 正在处理第 1 页
2025-04-26 03:45:20,366 - INFO - 正在处理第 2 页
2025-04-26 03:47:41,264 - INFO - 成功提交 20 个景点
2025-04-26 03:47:49,082 - INFO - 正在处理第 1 页
2025-04-26 03:49:07,579 - INFO - 正在处理第 2 页
2025-04-26 03:51:23,873 - INFO - 成功提交 20 个景点
2025-04-26 03:51:32,271 - INFO - 正在处理第 1 页
2025-04-26 03:53:40,145 - INFO - 正在处理第 2 页
2025-04-26 03:55:53,716 - INFO - 成功提交 20 个景点
2025-04-26 03:56:00,947 - INFO - 正在处理第 1 页
2025-04-26 03:57:39,880 - INFO - 正在处理第 2 页
2025-04-26 04:00:36,225 - ERROR - 批量提交失败: [Schema.ConstraintValidationFailed] Node(2643) already exists with label `Sight` and property `name` = '药王山'
2025-04-26 04:00:38,774 - INFO - 处理省份: 江苏
2025-04-26 04:00:45,536 - INFO - 正在处理第 1 页
2025-04-26 04:02:08,169 - INFO - 正在处理第 2 页
2025-04-26 04:05:01,065 - INFO - 成功提交 20 个景点
2025-04-26 04:05:08,704 - INFO - 正在处理第 1 页
2025-04-26 04:06:41,811 - INFO - 正在处理第 2 页
2025-04-26 04:09:58,987 - INFO - 成功提交 20 个景点
2025-04-26 04:10:06,994 - INFO - 正在处理第 1 页
2025-04-26 04:12:37,174 - INFO - 正在处理第 2 页
2025-04-26 04:15:43,428 - INFO - 成功提交 20 个景点
2025-04-26 04:15:52,081 - INFO - 正在处理第 1 页
2025-04-26 04:18:01,405 - INFO - 正在处理第 2 页
2025-04-26 04:20:40,263 - INFO - 成功提交 20 个景点
2025-04-26 04:20:48,155 - INFO - 正在处理第 1 页
2025-04-26 04:22:36,902 - INFO - 正在处理第 2 页
2025-04-26 04:24:22,157 - INFO - 成功提交 20 个景点
2025-04-26 04:24:30,297 - INFO - 正在处理第 1 页
2025-04-26 04:26:29,882 - INFO - 正在处理第 2 页
2025-04-26 04:28:40,814 - INFO - 成功提交 20 个景点
2025-04-26 04:28:48,880 - INFO - 正在处理第 1 页
2025-04-26 04:30:37,745 - INFO - 正在处理第 2 页
2025-04-26 04:32:44,813 - INFO - 成功提交 20 个景点
2025-04-26 04:32:52,428 - INFO - 正在处理第 1 页
2025-04-26 04:34:34,668 - INFO - 正在处理第 2 页
2025-04-26 04:37:10,636 - INFO - 成功提交 20 个景点
2025-04-26 04:37:19,276 - INFO - 正在处理第 1 页
2025-04-26 04:39:27,813 - INFO - 正在处理第 2 页
2025-04-26 04:41:54,718 - INFO - 成功提交 20 个景点
2025-04-26 04:42:02,398 - INFO - 正在处理第 1 页
2025-04-26 04:44:14,078 - INFO - 正在处理第 2 页
2025-04-26 04:47:03,286 - INFO - 成功提交 20 个景点
2025-04-26 04:47:12,073 - INFO - 正在处理第 1 页
2025-04-26 04:49:00,432 - INFO - 正在处理第 2 页
2025-04-26 04:51:31,506 - ERROR - 批量提交失败: [Schema.ConstraintValidationFailed] Node(1600) already exists with label `Sight` and property `name` = '金山寺'
2025-04-26 04:51:39,724 - INFO - 正在处理第 1 页
2025-04-26 04:53:44,970 - INFO - 正在处理第 2 页
2025-04-26 04:55:55,526 - INFO - 成功提交 20 个景点
2025-04-26 04:56:02,877 - INFO - 浏览器实例已重启
2025-04-26 04:56:02,877 - INFO - 处理省份: 安徽
2025-04-26 04:56:10,232 - INFO - 正在处理第 1 页
2025-04-26 04:57:47,797 - INFO - 正在处理第 2 页
2025-04-26 04:59:11,687 - INFO - 成功提交 20 个景点
2025-04-26 04:59:19,595 - INFO - 正在处理第 1 页
2025-04-26 05:00:46,740 - INFO - 正在处理第 2 页
2025-04-26 05:02:52,102 - INFO - 成功提交 20 个景点
2025-04-26 05:02:59,418 - INFO - 正在处理第 1 页
2025-04-26 05:04:59,255 - INFO - 正在处理第 2 页
2025-04-26 05:07:19,309 - INFO - 成功提交 20 个景点
2025-04-26 05:07:28,040 - INFO - 正在处理第 1 页
2025-04-26 05:08:55,349 - INFO - 正在处理第 2 页
2025-04-26 05:10:57,781 - ERROR - 批量提交失败: [Schema.ConstraintValidationFailed] Node(3727) already exists with label `Sight` and property `name` = '龙泉洞'
2025-04-26 05:11:05,840 - INFO - 正在处理第 1 页
2025-04-26 05:12:50,133 - INFO - 正在处理第 2 页
2025-04-26 05:15:26,915 - INFO - 成功提交 20 个景点
2025-04-26 05:15:35,717 - INFO - 正在处理第 1 页
2025-04-26 05:17:33,193 - INFO - 正在处理第 2 页
2025-04-26 05:19:18,063 - ERROR - 批量提交失败: [Schema.ConstraintValidationFailed] Node(3779) already exists with label `Sight` and property `name` = '万佛山'
2025-04-26 05:19:26,447 - INFO - 正在处理第 1 页
2025-04-26 05:21:10,597 - INFO - 正在处理第 2 页
2025-04-26 05:23:35,965 - INFO - 成功提交 20 个景点
2025-04-26 05:23:44,567 - INFO - 正在处理第 1 页
2025-04-26 05:25:28,455 - INFO - 正在处理第 2 页
2025-04-26 05:27:54,065 - INFO - 成功提交 20 个景点
2025-04-26 05:28:02,317 - INFO - 正在处理第 1 页
2025-04-26 05:30:26,882 - INFO - 正在处理第 2 页
2025-04-26 05:33:38,046 - INFO - 成功提交 20 个景点
2025-04-26 05:33:46,413 - INFO - 正在处理第 1 页
2025-04-26 05:35:44,940 - INFO - 正在处理第 2 页
2025-04-26 05:39:12,547 - INFO - 成功提交 20 个景点
2025-04-26 05:39:19,698 - INFO - 正在处理第 1 页
2025-04-26 05:41:47,693 - INFO - 正在处理第 2 页
2025-04-26 05:45:08,896 - INFO - 成功提交 20 个景点
2025-04-26 05:45:16,482 - INFO - 正在处理第 1 页
2025-04-26 05:47:30,741 - INFO - 正在处理第 2 页
2025-04-26 05:50:17,395 - ERROR - 批量提交失败: [Schema.ConstraintValidationFailed] Node(2621) already exists with label `Sight` and property `name` = '布达拉宫'
2025-04-26 05:50:26,038 - INFO - 正在处理第 1 页
2025-04-26 05:53:25,374 - INFO - 正在处理第 2 页
2025-04-26 05:56:52,186 - INFO - 成功提交 20 个景点
2025-04-26 05:56:56,100 - INFO - 处理省份: 山西
2025-04-26 05:57:02,609 - INFO - 正在处理第 1 页
2025-04-26 05:59:05,785 - INFO - 正在处理第 2 页
2025-04-26 06:01:30,807 - ERROR - 批量提交失败: [Schema.ConstraintValidationFailed] Node(2823) already exists with label `Sight` and property `name` = '悬空寺'
2025-04-26 06:01:39,878 - INFO - 正在处理第 1 页
2025-04-26 06:03:09,515 - INFO - 正在处理第 2 页
2025-04-26 06:06:01,813 - INFO - 成功提交 20 个景点
2025-04-26 06:06:09,353 - INFO - 正在处理第 1 页
2025-04-26 06:07:36,892 - INFO - 正在处理第 2 页
2025-04-26 06:10:28,493 - INFO - 成功提交 20 个景点
2025-04-26 06:10:37,443 - INFO - 正在处理第 1 页
2025-04-26 06:12:30,518 - INFO - 正在处理第 2 页
2025-04-26 06:15:27,727 - INFO - 成功提交 20 个景点
2025-04-26 06:15:36,585 - INFO - 正在处理第 1 页
2025-04-26 06:19:16,734 - INFO - 正在处理第 2 页
2025-04-26 06:23:55,340 - INFO - 成功提交 20 个景点
2025-04-26 06:24:02,957 - INFO - 正在处理第 1 页
2025-04-26 06:25:41,163 - INFO - 正在处理第 2 页
2025-04-26 06:28:06,865 - INFO - 成功提交 20 个景点
2025-04-26 06:28:14,474 - INFO - 正在处理第 1 页
2025-04-26 06:29:52,705 - INFO - 正在处理第 2 页
2025-04-26 06:33:04,546 - INFO - 成功提交 20 个景点
2025-04-26 06:33:12,257 - INFO - 正在处理第 1 页
2025-04-26 06:34:55,662 - INFO - 正在处理第 2 页
2025-04-26 06:37:44,033 - ERROR - 批量提交失败: [Schema.ConstraintValidationFailed] Node(11636) already exists with label `Sight` and property `name` = '南禅寺'
2025-04-26 06:37:52,656 - INFO - 正在处理第 1 页
2025-04-26 06:39:57,229 - INFO - 正在处理第 2 页
2025-04-26 06:42:38,810 - ERROR - 批量提交失败: [Schema.ConstraintValidationFailed] Node(3644) already exists with label `Sight` and property `name` = '炎帝陵'
2025-04-26 06:42:46,856 - INFO - 正在处理第 1 页
2025-04-26 06:45:21,380 - INFO - 正在处理第 2 页
2025-04-26 06:48:27,629 - ERROR - 批量提交失败: [Schema.ConstraintValidationFailed] Node(2949) already exists with label `Sight` and property `name` = '报国寺'
2025-04-26 06:48:31,513 - INFO - 处理省份: 黑龙江
2025-04-26 06:48:38,126 - INFO - 正在处理第 1 页
2025-04-26 06:50:45,735 - INFO - 正在处理第 2 页
2025-04-26 06:52:41,693 - INFO - 成功提交 20 个景点
2025-04-26 06:52:49,125 - INFO - 正在处理第 1 页
2025-04-26 06:55:01,988 - INFO - 正在处理第 2 页
2025-04-26 06:58:13,361 - INFO - 成功提交 20 个景点
2025-04-26 06:58:20,949 - INFO - 正在处理第 1 页
2025-04-26 07:00:31,599 - INFO - 正在处理第 2 页
2025-04-26 07:03:03,136 - INFO - 成功提交 20 个景点
2025-04-26 07:03:10,924 - INFO - 正在处理第 1 页
2025-04-26 07:05:30,664 - INFO - 正在处理第 2 页
2025-04-26 07:08:16,895 - INFO - 成功提交 20 个景点
2025-04-26 07:08:25,912 - INFO - 正在处理第 1 页
2025-04-26 07:11:54,295 - INFO - 正在处理第 2 页
2025-04-26 07:15:44,733 - INFO - 成功提交 20 个景点
2025-04-26 07:15:52,332 - INFO - 正在处理第 1 页
2025-04-26 07:19:06,570 - INFO - 正在处理第 2 页
2025-04-26 07:22:47,964 - INFO - 成功提交 20 个景点
2025-04-26 07:22:57,102 - INFO - 正在处理第 1 页
2025-04-26 07:24:55,394 - INFO - 正在处理第 2 页
2025-04-26 07:27:49,329 - INFO - 成功提交 20 个景点
2025-04-26 07:27:57,887 - INFO - 正在处理第 1 页
